#
# A fatal error has been detected by the Java Runtime Environment:
#
#  EXCEPTION_ACCESS_VIOLATION (0xc0000005) at pc=0x00007ffd3652e0a9, pid=14020, tid=14144
#
# JRE version: OpenJDK Runtime Environment Microsoft-8035246 (17.0.8+7) (build 17.0.8+7-LTS)
# Java VM: OpenJDK 64-Bit Server VM Microsoft-8035246 (17.0.8+7-LTS, mixed mode, sharing, tiered, compressed oops, compressed class ptrs, g1 gc, windows-amd64)
# Problematic frame:
# V  [jvm.dll+0x2be0a9]
#
# No core dump will be written. Minidumps are not enabled by default on client versions of Windows
#
# If you would like to submit a bug report, please visit:
#   https://github.com/microsoft/openjdk/issues
#

---------------  S U M M A R Y ------------

Command Line: -XX:MaxMetaspaceSize=512m --add-opens=java.base/java.util=ALL-UNNAMED --add-opens=java.base/java.lang=ALL-UNNAMED --add-opens=java.base/java.lang.invoke=ALL-UNNAMED --add-opens=java.prefs/java.util.prefs=ALL-UNNAMED --add-opens=java.base/java.nio.charset=ALL-UNNAMED --add-opens=java.base/java.net=ALL-UNNAMED --add-opens=java.base/java.util.concurrent.atomic=ALL-UNNAMED -Xmx2048m -Dfile.encoding=windows-1252 -Duser.country=US -Duser.language=en -Duser.variant -javaagent:C:\Users\abdul\.gradle\wrapper\dists\gradle-8.3-all\6en3ugtfdg5xnpx44z4qbwgas\gradle-8.3\lib\agents\gradle-instrumentation-agent-8.3.jar org.gradle.launcher.daemon.bootstrap.GradleDaemon 8.3

Host: Intel(R) Core(TM) i5-6200U CPU @ 2.30GHz, 4 cores, 11G,  Windows 10 , 64 bit Build 19041 (10.0.19041.3636)
Time: Tue Mar 19 15:47:02 2024 Pakistan Standard Time elapsed time: 161.381777 seconds (0d 0h 2m 41s)

---------------  T H R E A D  ---------------

Current thread (0x00000228d955b8e0):  JavaThread "C2 CompilerThread0" daemon [_thread_in_native, id=14144, stack(0x0000006c22a00000,0x0000006c22b00000)]


Current CompileTask:
C2: 161381 14764   !   4       org.gradle.cache.internal.DefaultMultiProcessSafeIndexedCache::getIfPresent (25 bytes)

Stack: [0x0000006c22a00000,0x0000006c22b00000],  sp=0x0000006c22afb580,  free space=1005k
Native frames: (J=compiled Java code, j=interpreted, Vv=VM code, C=native code)
V  [jvm.dll+0x2be0a9]
V  [jvm.dll+0x21ba8b]
V  [jvm.dll+0x21944b]
V  [jvm.dll+0x1a56b6]
V  [jvm.dll+0x2291ea]
V  [jvm.dll+0x22724c]
V  [jvm.dll+0x7efd0c]
V  [jvm.dll+0x7ea13a]
V  [jvm.dll+0x67ad85]
C  [ucrtbase.dll+0x21bb2]
C  [KERNEL32.DLL+0x17344]
C  [ntdll.dll+0x526b1]


siginfo: EXCEPTION_ACCESS_VIOLATION (0xc0000005), reading address 0x0000000000000028


Register to memory mapping:

RIP=0x00007ffd3652e0a9 jvm.dll
RAX=0x0000022884c348c0 points into unknown readable memory: 0x0000000000000000 | 00 00 00 00 00 00 00 00
RBX=0x00000000000017cf is an unknown value
RCX=0x0 is NULL
RDX=0x0 is NULL
RSP=0x0000006c22afb580 is pointing into the stack for thread: 0x00000228d955b8e0
RBP=0x0000006c22afb5f0 is pointing into the stack for thread: 0x00000228d955b8e0
RSI=0x0 is NULL
RDI=0x0000000000000049 is an unknown value
R8 =0x000000000000ffe0 is an unknown value
R9 =0x0 is NULL
R10=0x00007ffd36f80000 VCRUNTIME140.dll
R11=0x0000022884c348e0 points into unknown readable memory: 0x0000000000000000 | 00 00 00 00 00 00 00 00
R12=0x0000000000000050 is an unknown value
R13=0x0 is NULL
R14=0x0 is NULL
R15=0x0000006c22afe7a0 is pointing into the stack for thread: 0x00000228d955b8e0


Registers:
RAX=0x0000022884c348c0, RBX=0x00000000000017cf, RCX=0x0000000000000000, RDX=0x0000000000000000
RSP=0x0000006c22afb580, RBP=0x0000006c22afb5f0, RSI=0x0000000000000000, RDI=0x0000000000000049
R8 =0x000000000000ffe0, R9 =0x0000000000000000, R10=0x00007ffd36f80000, R11=0x0000022884c348e0
R12=0x0000000000000050, R13=0x0000000000000000, R14=0x0000000000000000, R15=0x0000006c22afe7a0
RIP=0x00007ffd3652e0a9, EFLAGS=0x0000000000010202

Top of Stack: (sp=0x0000006c22afb580)
0x0000006c22afb580:   00000000000017cf 0000000000000000
0x0000006c22afb590:   0000006c22afe7a0 00007ffd364938d1
0x0000006c22afb5a0:   00000228d9553d70 00007ffd00002000
0x0000006c22afb5b0:   0000022884c348c0 0000022800000000
0x0000006c22afb5c0:   0000000000000002 00000228843f0320
0x0000006c22afb5d0:   0000000000000002 00000228d9553d70
0x0000006c22afb5e0:   0000000000000000 0000000000000000
0x0000006c22afb5f0:   00000228d9400d00 00000228b9a0c3f0
0x0000006c22afb600:   0000000000000049 00007ffd36bb4c08
0x0000006c22afb610:   0000006c22afb720 00007ffd3648ba8b
0x0000006c22afb620:   0000006c22afe7a0 00007ffd36bb4c08
0x0000006c22afb630:   0000006c22afe7a0 0000006c22afb720
0x0000006c22afb640:   0000022800000000 00007ffd3688b7fb
0x0000006c22afb650:   0000006c0000000f 0000006c22afe7a0
0x0000006c22afb660:   0000006c22afb7d0 0000000000000000
0x0000006c22afb670:   0000022800000100 00007ffd36bb4c08 

Instructions: (pc=0x00007ffd3652e0a9)
0x00007ffd3652dfa9:   3b d0 75 0b ff c1 41 3b c9 7c dc 48 8b c2 c3 33
0x00007ffd3652dfb9:   c0 c3 cc cc cc cc cc 48 89 5c 24 18 55 56 57 41
0x00007ffd3652dfc9:   55 41 57 48 8b ec 48 83 ec 70 65 48 8b 04 25 58
0x00007ffd3652dfd9:   00 00 00 48 8b f2 44 8b 05 d2 8b 90 00 4c 8b f9
0x00007ffd3652dfe9:   4a 8b 1c c0 b8 50 00 00 00 80 3c 18 00 75 05 e8
0x00007ffd3652dff9:   8b 6f 5d 00 b8 20 00 00 00 48 8b 04 18 48 8b 98
0x00007ffd3652e009:   38 02 00 00 48 89 5d b0 c7 45 b8 04 00 00 00 48
0x00007ffd3652e019:   8b 43 18 48 83 f8 df 76 18 4c 8d 05 37 a9 65 00
0x00007ffd3652e029:   ba 20 00 00 00 48 8b cb e8 5a eb de ff 48 8b 43
0x00007ffd3652e039:   18 48 8d 48 20 48 3b 4b 20 76 11 45 33 c0 48 8b
0x00007ffd3652e049:   cb 41 8d 50 20 e8 fd e8 de ff eb 04 48 89 4b 18
0x00007ffd3652e059:   44 8b 45 b8 33 d2 49 c1 e0 03 48 8b c8 48 89 45
0x00007ffd3652e069:   c0 e8 e3 80 5d 00 45 33 ed 48 8d 4d d0 44 89 6d
0x00007ffd3652e079:   c8 e8 01 59 56 00 41 8b 9f 40 02 00 00 41 2b 9f
0x00007ffd3652e089:   68 02 00 00 44 89 6d f0 3b 5d b8 72 0b 8b d3 48
0x00007ffd3652e099:   8d 4d b0 e8 6f b3 39 00 48 8b 45 c0 4c 89 2c d8
0x00007ffd3652e0a9:   8b 7e 28 8b df c1 eb 05 3b 5d d0 72 0b 8b d3 48
0x00007ffd3652e0b9:   8d 4d d0 e8 1f 59 56 00 48 8b 45 d8 83 e7 1f 48
0x00007ffd3652e0c9:   8d 14 98 40 0f b6 cf 41 b8 01 00 00 00 41 d3 e0
0x00007ffd3652e0d9:   8b 0a 8b c1 41 0b c0 89 02 41 85 c8 75 21 8b 5d
0x00007ffd3652e0e9:   c8 8d 43 01 89 45 c8 3b 5d b8 72 0b 8b d3 48 8d
0x00007ffd3652e0f9:   4d b0 e8 10 b3 39 00 48 8b 45 c0 48 89 34 d8 44
0x00007ffd3652e109:   39 6d c8 0f 86 77 01 00 00 4c 89 a4 24 a0 00 00
0x00007ffd3652e119:   00 4c 89 b4 24 a8 00 00 00 48 8b 45 c0 41 8b cd
0x00007ffd3652e129:   48 8b 34 c8 8b 46 2c 25 ff 1f 00 00 3d 04 10 00
0x00007ffd3652e139:   00 0f 85 a7 00 00 00 bb 01 00 00 00 39 5e 18 76
0x00007ffd3652e149:   39 66 0f 1f 44 00 00 48 8b 46 08 8b cb 48 8b 14
0x00007ffd3652e159:   c8 48 85 d2 74 1d 48 83 7a 10 00 74 16 80 7a 2c
0x00007ffd3652e169:   84 74 10 e8 7f 7e ee ff 48 8b d0 49 8b cf e8 a4
0x00007ffd3652e179:   61 f6 ff ff c3 3b 5e 18 72 cd 48 8b 5e 10 8b 46
0x00007ffd3652e189:   20 4c 8d 34 c3 49 3b de 73 54 48 8b 3b 8b 47 2c
0x00007ffd3652e199:   83 e0 03 3c 03 75 2e 48 8b 07 48 8b cf ff 90 88 


Stack slot to memory mapping:
stack at sp + 0 slots: 0x00000000000017cf is an unknown value
stack at sp + 1 slots: 0x0 is NULL
stack at sp + 2 slots: 0x0000006c22afe7a0 is pointing into the stack for thread: 0x00000228d955b8e0
stack at sp + 3 slots: 0x00007ffd364938d1 jvm.dll
stack at sp + 4 slots: 0x00000228d9553d70 points into unknown readable memory: 0x0000000000000006 | 06 00 00 00 00 00 00 00
stack at sp + 5 slots: 0x00007ffd00002000 is an unknown value
stack at sp + 6 slots: 0x0000022884c348c0 points into unknown readable memory: 0x0000000000000000 | 00 00 00 00 00 00 00 00
stack at sp + 7 slots: 0x0000022800000000 is an unknown value


---------------  P R O C E S S  ---------------

Threads class SMR info:
_java_thread_list=0x00000228ff823f90, length=91, elements={
0x00000228b99f50e0, 0x00000228d9540080, 0x00000228d9540e10, 0x00000228d95560a0,
0x00000228d9559a90, 0x00000228d955a360, 0x00000228d955ac30, 0x00000228d955b8e0,
0x00000228d955c2a0, 0x00000228d96c87d0, 0x00000228d95289b0, 0x00000228d9824d90,
0x00000228f9c466d0, 0x00000228fa1c12b0, 0x00000228f9bdca20, 0x00000228f9936260,
0x00000228d9781950, 0x00000228fa320c60, 0x00000228fa321680, 0x00000228fa3220a0,
0x00000228fa321b90, 0x00000228fa321170, 0x00000228fa31ee00, 0x00000228fa31f310,
0x00000228fa320240, 0x00000228fa320750, 0x00000228fc5063b0, 0x00000228fc505ea0,
0x00000228fc506dd0, 0x00000228fc504550, 0x00000228fc5068c0, 0x00000228fc504040,
0x00000228fc504a60, 0x00000228fbee17d0, 0x00000228fbee1ce0, 0x00000228fbedd600,
0x00000228fbee3630, 0x00000228fbee3120, 0x00000228fbedd0f0, 0x00000228fbede020,
0x00000228fbedc1c0, 0x00000228fbee3b40, 0x00000228fbeddb10, 0x00000228fbede530,
0x00000228fbedef50, 0x00000228fbedea40, 0x00000228fbee0db0, 0x00000228fbee12c0,
0x00000228fd3758e0, 0x00000228fd375df0, 0x00000228fd376300, 0x00000228fd374ec0,
0x00000228fd373f90, 0x00000228fd3744a0, 0x00000228fdad32a0, 0x00000228fdad1950,
0x00000228fdad1e60, 0x00000228fdad0510, 0x00000228fdacf0d0, 0x00000228fdacf5e0,
0x00000228fdad3cc0, 0x00000228fdad0000, 0x00000228fdacfaf0, 0x00000228fdad0f30,
0x00000228fdad2d90, 0x00000228fdad37b0, 0x00000228fdacdc90, 0x00000228fdacd780,
0x00000228fdad1440, 0x00000228fdad46e0, 0x00000228fd376810, 0x00000228fd3749b0,
0x00000228fc503620, 0x00000228fc503b30, 0x00000228fa31e8f0, 0x00000228fdace6b0,
0x00000228fc1335c0, 0x00000228fc131760, 0x00000228fc12d080, 0x00000228fc1330b0,
0x00000228fc130320, 0x00000228fc133ad0, 0x00000228fc132180, 0x00000228fc12e4c0,
0x00000228fc132690, 0x00000228fc132ba0, 0x00000228fc133fe0, 0x00000228fc1344f0,
0x00000228fc130d40, 0x00000228fc12d590, 0x00000228fc12dfb0
}

Java Threads: ( => current thread )
  0x00000228b99f50e0 JavaThread "main" [_thread_blocked, id=14092, stack(0x0000006c21d00000,0x0000006c21e00000)]
  0x00000228d9540080 JavaThread "Reference Handler" daemon [_thread_blocked, id=14120, stack(0x0000006c22400000,0x0000006c22500000)]
  0x00000228d9540e10 JavaThread "Finalizer" daemon [_thread_blocked, id=14124, stack(0x0000006c22500000,0x0000006c22600000)]
  0x00000228d95560a0 JavaThread "Signal Dispatcher" daemon [_thread_blocked, id=14128, stack(0x0000006c22600000,0x0000006c22700000)]
  0x00000228d9559a90 JavaThread "Attach Listener" daemon [_thread_blocked, id=14132, stack(0x0000006c22700000,0x0000006c22800000)]
  0x00000228d955a360 JavaThread "Service Thread" daemon [_thread_blocked, id=14136, stack(0x0000006c22800000,0x0000006c22900000)]
  0x00000228d955ac30 JavaThread "Monitor Deflation Thread" daemon [_thread_blocked, id=14140, stack(0x0000006c22900000,0x0000006c22a00000)]
=>0x00000228d955b8e0 JavaThread "C2 CompilerThread0" daemon [_thread_in_native, id=14144, stack(0x0000006c22a00000,0x0000006c22b00000)]
  0x00000228d955c2a0 JavaThread "C1 CompilerThread0" daemon [_thread_blocked, id=14148, stack(0x0000006c22b00000,0x0000006c22c00000)]
  0x00000228d96c87d0 JavaThread "Sweeper thread" daemon [_thread_blocked, id=14152, stack(0x0000006c22c00000,0x0000006c22d00000)]
  0x00000228d95289b0 JavaThread "Common-Cleaner" daemon [_thread_blocked, id=14156, stack(0x0000006c22d00000,0x0000006c22e00000)]
  0x00000228d9824d90 JavaThread "Notification Thread" daemon [_thread_blocked, id=14160, stack(0x0000006c22e00000,0x0000006c22f00000)]
  0x00000228f9c466d0 JavaThread "Daemon health stats" [_thread_blocked, id=14300, stack(0x0000006c23000000,0x0000006c23100000)]
  0x00000228fa1c12b0 JavaThread "Incoming local TCP Connector on port 51509" [_thread_in_native, id=5060, stack(0x0000006c23400000,0x0000006c23500000)]
  0x00000228f9bdca20 JavaThread "Daemon periodic checks" [_thread_blocked, id=4100, stack(0x0000006c23500000,0x0000006c23600000)]
  0x00000228f9936260 JavaThread "Daemon" [_thread_blocked, id=5812, stack(0x0000006c23600000,0x0000006c23700000)]
  0x00000228d9781950 JavaThread "Handler for socket connection from /127.0.0.1:51509 to /127.0.0.1:51510" [_thread_in_native, id=5228, stack(0x0000006c23700000,0x0000006c23800000)]
  0x00000228fa320c60 JavaThread "Cancel handler" [_thread_blocked, id=5688, stack(0x0000006c23800000,0x0000006c23900000)]
  0x00000228fa321680 JavaThread "Daemon worker" [_thread_blocked, id=4716, stack(0x0000006c23900000,0x0000006c23a00000)]
  0x00000228fa3220a0 JavaThread "Asynchronous log dispatcher for DefaultDaemonConnection: socket connection from /127.0.0.1:51509 to /127.0.0.1:51510" [_thread_blocked, id=13248, stack(0x0000006c23a00000,0x0000006c23b00000)]
  0x00000228fa321b90 JavaThread "Stdin handler" [_thread_blocked, id=11152, stack(0x0000006c23b00000,0x0000006c23c00000)]
  0x00000228fa321170 JavaThread "Daemon client event forwarder" [_thread_blocked, id=10992, stack(0x0000006c23c00000,0x0000006c23d00000)]
  0x00000228fa31ee00 JavaThread "Cache worker for journal cache (C:\Users\abdul\.gradle\caches\journal-1)" [_thread_blocked, id=1840, stack(0x0000006c23d00000,0x0000006c23e00000)]
  0x00000228fa31f310 JavaThread "File lock request listener" [_thread_in_native, id=12636, stack(0x0000006c23e00000,0x0000006c23f00000)]
  0x00000228fa320240 JavaThread "Cache worker for file hash cache (C:\Users\abdul\.gradle\caches\8.3\fileHashes)" [_thread_blocked, id=11776, stack(0x0000006c23f00000,0x0000006c24000000)]
  0x00000228fa320750 JavaThread "File watcher server" daemon [_thread_in_native, id=13616, stack(0x0000006c24100000,0x0000006c24200000)]
  0x00000228fc5063b0 JavaThread "File watcher consumer" daemon [_thread_blocked, id=13644, stack(0x0000006c24200000,0x0000006c24300000)]
  0x00000228fc505ea0 JavaThread "Cache worker for checksums cache (C:\Users\abdul\OneDrive\Documents\Bus Pass With Qr Scan\BusPassWithQrScan\android\.gradle\8.3\checksums)" [_thread_blocked, id=13628, stack(0x0000006c24000000,0x0000006c24100000)]
  0x00000228fc506dd0 JavaThread "Cache worker for file hash cache (C:\Users\abdul\OneDrive\Documents\Bus Pass With Qr Scan\BusPassWithQrScan\android\.gradle\8.3\fileHashes)" [_thread_blocked, id=13656, stack(0x0000006c24300000,0x0000006c24400000)]
  0x00000228fc504550 JavaThread "Cache worker for cache directory md-supplier (C:\Users\abdul\.gradle\caches\8.3\md-supplier)" [_thread_blocked, id=13648, stack(0x0000006c24400000,0x0000006c24500000)]
  0x00000228fc5068c0 JavaThread "Cache worker for file content cache (C:\Users\abdul\.gradle\caches\8.3\fileContent)" [_thread_blocked, id=13640, stack(0x0000006c24500000,0x0000006c24600000)]
  0x00000228fc504040 JavaThread "Cache worker for cache directory md-rule (C:\Users\abdul\.gradle\caches\8.3\md-rule)" [_thread_blocked, id=13684, stack(0x0000006c24600000,0x0000006c24700000)]
  0x00000228fc504a60 JavaThread "Cache worker for execution history cache (C:\Users\abdul\.gradle\caches\8.3\executionHistory)" [_thread_blocked, id=13676, stack(0x0000006c24700000,0x0000006c24800000)]
  0x00000228fbee17d0 JavaThread "jar transforms" [_thread_blocked, id=13672, stack(0x0000006c24900000,0x0000006c24a00000)]
  0x00000228fbee1ce0 JavaThread "jar transforms Thread 2" [_thread_blocked, id=13700, stack(0x0000006c24a00000,0x0000006c24b00000)]
  0x00000228fbedd600 JavaThread "jar transforms Thread 3" [_thread_blocked, id=13688, stack(0x0000006c24800000,0x0000006c24900000)]
  0x00000228fbee3630 JavaThread "jar transforms Thread 4" [_thread_blocked, id=12036, stack(0x0000006c24b00000,0x0000006c24c00000)]
  0x00000228fbee3120 JavaThread "Cache worker for kotlin-dsl (C:\Users\abdul\.gradle\caches\8.3\kotlin-dsl)" [_thread_blocked, id=13632, stack(0x0000006c24f00000,0x0000006c25000000)]
  0x00000228fbedd0f0 JavaThread "Unconstrained build operations" [_thread_blocked, id=13692, stack(0x0000006c24e00000,0x0000006c24f00000)]
  0x00000228fbede020 JavaThread "Unconstrained build operations Thread 2" [_thread_blocked, id=14284, stack(0x0000006c25000000,0x0000006c25100000)]
  0x00000228fbedc1c0 JavaThread "Cache worker for dependencies-accessors (C:\Users\abdul\OneDrive\Documents\Bus Pass With Qr Scan\BusPassWithQrScan\android\.gradle\8.3\dependencies-accessors)" [_thread_blocked, id=12004, stack(0x0000006c25200000,0x0000006c25300000)]
  0x00000228fbee3b40 JavaThread "Cache worker for Build Output Cleanup Cache (C:\Users\abdul\OneDrive\Documents\Bus Pass With Qr Scan\BusPassWithQrScan\node_modules\@react-native\gradle-plugin\.gradle\buildOutputCleanup)" [_thread_blocked, id=7840, stack(0x0000006c25300000,0x0000006c25400000)]
  0x00000228fbeddb10 JavaThread "Unconstrained build operations Thread 3" [_thread_blocked, id=13124, stack(0x0000006c25400000,0x0000006c25500000)]
  0x00000228fbede530 JavaThread "Unconstrained build operations Thread 4" [_thread_blocked, id=12904, stack(0x0000006c25500000,0x0000006c25600000)]
  0x00000228fbedef50 JavaThread "Unconstrained build operations Thread 5" [_thread_in_native, id=9164, stack(0x0000006c25600000,0x0000006c25700000)]
  0x00000228fbedea40 JavaThread "Memory manager" [_thread_blocked, id=3636, stack(0x0000006c21b00000,0x0000006c21c00000)]
  0x00000228fbee0db0 JavaThread "Cache worker for Build Output Cleanup Cache (C:\Users\abdul\OneDrive\Documents\Bus Pass With Qr Scan\BusPassWithQrScan\android\.gradle\buildOutputCleanup)" [_thread_blocked, id=6100, stack(0x0000006c25100000,0x0000006c25200000)]
  0x00000228fbee12c0 JavaThread "ForkJoinPool.commonPool-worker-1" daemon [_thread_blocked, id=6108, stack(0x0000006c25700000,0x0000006c25800000)]
  0x00000228fd3758e0 JavaThread "ForkJoinPool.commonPool-worker-3" daemon [_thread_blocked, id=2100, stack(0x0000006c25900000,0x0000006c25a00000)]
  0x00000228fd375df0 JavaThread "Execution worker" [_thread_blocked, id=7040, stack(0x0000006c25e00000,0x0000006c25f00000)]
  0x00000228fd376300 JavaThread "Execution worker Thread 2" [_thread_blocked, id=9604, stack(0x0000006c25f00000,0x0000006c26000000)]
  0x00000228fd374ec0 JavaThread "Execution worker Thread 3" [_thread_blocked, id=14244, stack(0x0000006c26000000,0x0000006c26100000)]
  0x00000228fd373f90 JavaThread "Cache worker for execution history cache (C:\Users\abdul\OneDrive\Documents\Bus Pass With Qr Scan\BusPassWithQrScan\node_modules\@react-native\gradle-plugin\.gradle\8.3\executionHistory)" [_thread_blocked, id=7732, stack(0x0000006c26100000,0x0000006c26200000)]
  0x00000228fd3744a0 JavaThread "Unconstrained build operations Thread 6" [_thread_blocked, id=4380, stack(0x0000006c26200000,0x0000006c26300000)]
  0x00000228fdad32a0 JavaThread "Unconstrained build operations Thread 7" [_thread_blocked, id=6772, stack(0x0000006c26300000,0x0000006c26400000)]
  0x00000228fdad1950 JavaThread "Unconstrained build operations Thread 8" [_thread_blocked, id=10732, stack(0x0000006c26400000,0x0000006c26500000)]
  0x00000228fdad1e60 JavaThread "Unconstrained build operations Thread 9" [_thread_blocked, id=3212, stack(0x0000006c26500000,0x0000006c26600000)]
  0x00000228fdad0510 JavaThread "Unconstrained build operations Thread 10" [_thread_blocked, id=6396, stack(0x0000006c26600000,0x0000006c26700000)]
  0x00000228fdacf0d0 JavaThread "Unconstrained build operations Thread 11" [_thread_blocked, id=6020, stack(0x0000006c26700000,0x0000006c26800000)]
  0x00000228fdacf5e0 JavaThread "Unconstrained build operations Thread 12" [_thread_blocked, id=6400, stack(0x0000006c26800000,0x0000006c26900000)]
  0x00000228fdad3cc0 JavaThread "Unconstrained build operations Thread 13" [_thread_blocked, id=5908, stack(0x0000006c26900000,0x0000006c26a00000)]
  0x00000228fdad0000 JavaThread "Unconstrained build operations Thread 14" [_thread_blocked, id=14952, stack(0x0000006c21c00000,0x0000006c21d00000)]
  0x00000228fdacfaf0 JavaThread "Unconstrained build operations Thread 15" [_thread_blocked, id=14956, stack(0x0000006c25800000,0x0000006c25900000)]
  0x00000228fdad0f30 JavaThread "Unconstrained build operations Thread 16" [_thread_blocked, id=14960, stack(0x0000006c25a00000,0x0000006c25b00000)]
  0x00000228fdad2d90 JavaThread "Unconstrained build operations Thread 17" [_thread_blocked, id=15044, stack(0x0000006c25b00000,0x0000006c25c00000)]
  0x00000228fdad37b0 JavaThread "Unconstrained build operations Thread 18" [_thread_blocked, id=15048, stack(0x0000006c25c00000,0x0000006c25d00000)]
  0x00000228fdacdc90 JavaThread "Unconstrained build operations Thread 19" [_thread_blocked, id=15052, stack(0x0000006c25d00000,0x0000006c25e00000)]
  0x00000228fdacd780 JavaThread "Unconstrained build operations Thread 20" [_thread_blocked, id=15148, stack(0x0000006c24c00000,0x0000006c24d00000)]
  0x00000228fdad1440 JavaThread "Unconstrained build operations Thread 21" [_thread_blocked, id=15152, stack(0x0000006c26a00000,0x0000006c26b00000)]
  0x00000228fdad46e0 JavaThread "Unconstrained build operations Thread 22" [_thread_blocked, id=15156, stack(0x0000006c26b00000,0x0000006c26c00000)]
  0x00000228fd376810 JavaThread "ForkJoinPool.commonPool-worker-4" daemon [_thread_blocked, id=15272, stack(0x0000006c26d00000,0x0000006c26e00000)]
  0x00000228fd3749b0 JavaThread "included builds Thread 2" [_thread_blocked, id=2440, stack(0x0000006c26e00000,0x0000006c26f00000)]
  0x00000228fc503620 JavaThread "Unconstrained build operations Thread 23" [_thread_blocked, id=3264, stack(0x0000006c26f00000,0x0000006c27000000)]
  0x00000228fc503b30 JavaThread "Unconstrained build operations Thread 24" [_thread_blocked, id=14232, stack(0x0000006c27000000,0x0000006c27100000)]
  0x00000228fa31e8f0 JavaThread "Unconstrained build operations Thread 25" [_thread_blocked, id=2636, stack(0x0000006c27100000,0x0000006c27200000)]
  0x00000228fdace6b0 JavaThread "Unconstrained build operations Thread 26" [_thread_blocked, id=9184, stack(0x0000006c27200000,0x0000006c27300000)]
  0x00000228fc1335c0 JavaThread "Unconstrained build operations Thread 27" [_thread_blocked, id=14220, stack(0x0000006c27300000,0x0000006c27400000)]
  0x00000228fc131760 JavaThread "Unconstrained build operations Thread 28" [_thread_blocked, id=13448, stack(0x0000006c27400000,0x0000006c27500000)]
  0x00000228fc12d080 JavaThread "Unconstrained build operations Thread 29" [_thread_blocked, id=9576, stack(0x0000006c27500000,0x0000006c27600000)]
  0x00000228fc1330b0 JavaThread "Unconstrained build operations Thread 30" [_thread_blocked, id=5272, stack(0x0000006c27600000,0x0000006c27700000)]
  0x00000228fc130320 JavaThread "Unconstrained build operations Thread 31" [_thread_blocked, id=3112, stack(0x0000006c27700000,0x0000006c27800000)]
  0x00000228fc133ad0 JavaThread "Unconstrained build operations Thread 32" [_thread_blocked, id=14668, stack(0x0000006c27800000,0x0000006c27900000)]
  0x00000228fc132180 JavaThread "Unconstrained build operations Thread 33" [_thread_blocked, id=14608, stack(0x0000006c27900000,0x0000006c27a00000)]
  0x00000228fc12e4c0 JavaThread "Unconstrained build operations Thread 34" [_thread_blocked, id=2780, stack(0x0000006c27a00000,0x0000006c27b00000)]
  0x00000228fc132690 JavaThread "Unconstrained build operations Thread 35" [_thread_blocked, id=1456, stack(0x0000006c27b00000,0x0000006c27c00000)]
  0x00000228fc132ba0 JavaThread "Unconstrained build operations Thread 36" [_thread_blocked, id=14672, stack(0x0000006c27c00000,0x0000006c27d00000)]
  0x00000228fc133fe0 JavaThread "Unconstrained build operations Thread 37" [_thread_blocked, id=4152, stack(0x0000006c27d00000,0x0000006c27e00000)]
  0x00000228fc1344f0 JavaThread "Unconstrained build operations Thread 38" [_thread_blocked, id=14600, stack(0x0000006c27e00000,0x0000006c27f00000)]
  0x00000228fc130d40 JavaThread "Unconstrained build operations Thread 39" [_thread_blocked, id=14000, stack(0x0000006c27f00000,0x0000006c28000000)]
  0x00000228fc12d590 JavaThread "Unconstrained build operations Thread 40" [_thread_blocked, id=13928, stack(0x0000006c28000000,0x0000006c28100000)]
  0x00000228fc12dfb0 JavaThread "Cache worker for execution history cache (C:\Users\abdul\OneDrive\Documents\Bus Pass With Qr Scan\BusPassWithQrScan\android\.gradle\8.3\executionHistory)" [_thread_blocked, id=4768, stack(0x0000006c28100000,0x0000006c28200000)]

Other Threads:
  0x00000228d95374f0 VMThread "VM Thread" [stack: 0x0000006c22300000,0x0000006c22400000] [id=14116]
  0x00000228d97e5990 WatcherThread [stack: 0x0000006c22f00000,0x0000006c23000000] [id=14164]
  0x00000228b9a4e6d0 GCTaskThread "GC Thread#0" [stack: 0x0000006c21e00000,0x0000006c21f00000] [id=14096]
  0x00000228f90817b0 GCTaskThread "GC Thread#1" [stack: 0x0000006c23100000,0x0000006c23200000] [id=14188]
  0x00000228f9186600 GCTaskThread "GC Thread#2" [stack: 0x0000006c23200000,0x0000006c23300000] [id=14192]
  0x00000228d995de40 GCTaskThread "GC Thread#3" [stack: 0x0000006c23300000,0x0000006c23400000] [id=14196]
  0x00000228b9a61550 ConcurrentGCThread "G1 Main Marker" [stack: 0x0000006c21f00000,0x0000006c22000000] [id=14100]
  0x00000228b9a61e70 ConcurrentGCThread "G1 Conc#0" [stack: 0x0000006c22000000,0x0000006c22100000] [id=14104]
  0x00000228d93f0140 ConcurrentGCThread "G1 Refine#0" [stack: 0x0000006c22100000,0x0000006c22200000] [id=14108]
  0x00000228d93f0980 ConcurrentGCThread "G1 Service" [stack: 0x0000006c22200000,0x0000006c22300000] [id=14112]

Threads with active compile tasks:
C2 CompilerThread0   161871 14764   !   4       org.gradle.cache.internal.DefaultMultiProcessSafeIndexedCache::getIfPresent (25 bytes)

VM state: not at safepoint (normal execution)

VM Mutex/Monitor currently owned by a thread: None

Heap address: 0x0000000080000000, size: 2048 MB, Compressed Oops mode: 32-bit

CDS archive(s) mapped at: [0x00000228da000000-0x00000228dabd0000-0x00000228dabd0000), size 12386304, SharedBaseAddress: 0x00000228da000000, ArchiveRelocationMode: 1.
Compressed class space mapped at: 0x00000228db000000-0x00000228f5000000, reserved size: 436207616
Narrow klass base: 0x00000228da000000, Narrow klass shift: 0, Narrow klass range: 0x100000000

GC Precious Log:
 CPUs: 4 total, 4 available
 Memory: 11950M
 Large Page Support: Disabled
 NUMA Support: Disabled
 Compressed Oops: Enabled (32-bit)
 Heap Region Size: 1M
 Heap Min Capacity: 8M
 Heap Initial Capacity: 188M
 Heap Max Capacity: 2G
 Pre-touch: Disabled
 Parallel Workers: 4
 Concurrent Workers: 1
 Concurrent Refinement Workers: 4
 Periodic GC: Disabled

Heap:
 garbage-first heap   total 189440K, used 159443K [0x0000000080000000, 0x0000000100000000)
  region size 1024K, 4 young (4096K), 1 survivors (1024K)
 Metaspace       used 98165K, committed 99072K, reserved 557056K
  class space    used 13709K, committed 14144K, reserved 425984K

Heap Regions: E=young(eden), S=young(survivor), O=old, HS=humongous(starts), HC=humongous(continues), CS=collection set, F=free, OA=open archive, CA=closed archive, TAMS=top-at-mark-start (previous, next)
|   0|0x0000000080000000, 0x0000000080100000, 0x0000000080100000|100%| O|  |TAMS 0x0000000080100000, 0x0000000080000000| Untracked 
|   1|0x0000000080100000, 0x0000000080200000, 0x0000000080200000|100%| O|  |TAMS 0x0000000080200000, 0x0000000080100000| Untracked 
|   2|0x0000000080200000, 0x0000000080300000, 0x0000000080300000|100%|HS|  |TAMS 0x0000000080300000, 0x0000000080200000| Complete 
|   3|0x0000000080300000, 0x0000000080400000, 0x0000000080400000|100%|HC|  |TAMS 0x0000000080400000, 0x0000000080300000| Complete 
|   4|0x0000000080400000, 0x0000000080500000, 0x0000000080500000|100%|HC|  |TAMS 0x0000000080500000, 0x0000000080400000| Complete 
|   5|0x0000000080500000, 0x0000000080600000, 0x0000000080600000|100%|HC|  |TAMS 0x0000000080600000, 0x0000000080500000| Complete 
|   6|0x0000000080600000, 0x0000000080700000, 0x0000000080700000|100%| O|  |TAMS 0x0000000080700000, 0x0000000080600000| Untracked 
|   7|0x0000000080700000, 0x0000000080800000, 0x0000000080800000|100%| O|  |TAMS 0x0000000080800000, 0x0000000080700000| Untracked 
|   8|0x0000000080800000, 0x0000000080900000, 0x0000000080900000|100%| O|  |TAMS 0x0000000080900000, 0x0000000080800000| Untracked 
|   9|0x0000000080900000, 0x0000000080a00000, 0x0000000080a00000|100%| O|  |TAMS 0x0000000080a00000, 0x0000000080900000| Untracked 
|  10|0x0000000080a00000, 0x0000000080b00000, 0x0000000080b00000|100%| O|  |TAMS 0x0000000080b00000, 0x0000000080a00000| Untracked 
|  11|0x0000000080b00000, 0x0000000080c00000, 0x0000000080c00000|100%| O|  |TAMS 0x0000000080c00000, 0x0000000080b00000| Untracked 
|  12|0x0000000080c00000, 0x0000000080d00000, 0x0000000080d00000|100%| O|  |TAMS 0x0000000080d00000, 0x0000000080c00000| Untracked 
|  13|0x0000000080d00000, 0x0000000080e00000, 0x0000000080e00000|100%| O|  |TAMS 0x0000000080e00000, 0x0000000080d00000| Untracked 
|  14|0x0000000080e00000, 0x0000000080f00000, 0x0000000080f00000|100%| O|  |TAMS 0x0000000080f00000, 0x0000000080e00000| Untracked 
|  15|0x0000000080f00000, 0x0000000081000000, 0x0000000081000000|100%| O|  |TAMS 0x0000000081000000, 0x0000000080f00000| Untracked 
|  16|0x0000000081000000, 0x0000000081100000, 0x0000000081100000|100%| O|  |TAMS 0x0000000081100000, 0x0000000081000000| Untracked 
|  17|0x0000000081100000, 0x0000000081200000, 0x0000000081200000|100%| O|  |TAMS 0x0000000081200000, 0x0000000081100000| Untracked 
|  18|0x0000000081200000, 0x0000000081300000, 0x0000000081300000|100%| O|  |TAMS 0x0000000081300000, 0x0000000081200000| Untracked 
|  19|0x0000000081300000, 0x0000000081400000, 0x0000000081400000|100%| O|  |TAMS 0x0000000081400000, 0x0000000081300000| Untracked 
|  20|0x0000000081400000, 0x0000000081500000, 0x0000000081500000|100%| O|  |TAMS 0x0000000081500000, 0x0000000081400000| Untracked 
|  21|0x0000000081500000, 0x00000000815e1c00, 0x0000000081600000| 88%| O|  |TAMS 0x00000000815e1c00, 0x0000000081500000| Untracked 
|  22|0x0000000081600000, 0x0000000081700000, 0x0000000081700000|100%| O|  |TAMS 0x0000000081700000, 0x0000000081600000| Untracked 
|  23|0x0000000081700000, 0x0000000081800000, 0x0000000081800000|100%| O|  |TAMS 0x0000000081800000, 0x0000000081700000| Untracked 
|  24|0x0000000081800000, 0x0000000081900000, 0x0000000081900000|100%| O|  |TAMS 0x0000000081900000, 0x0000000081800000| Untracked 
|  25|0x0000000081900000, 0x0000000081a00000, 0x0000000081a00000|100%| O|  |TAMS 0x0000000081a00000, 0x0000000081900000| Untracked 
|  26|0x0000000081a00000, 0x0000000081b00000, 0x0000000081b00000|100%| O|  |TAMS 0x0000000081b00000, 0x0000000081a00000| Untracked 
|  27|0x0000000081b00000, 0x0000000081c00000, 0x0000000081c00000|100%| O|  |TAMS 0x0000000081c00000, 0x0000000081b00000| Untracked 
|  28|0x0000000081c00000, 0x0000000081d00000, 0x0000000081d00000|100%| O|  |TAMS 0x0000000081d00000, 0x0000000081c00000| Untracked 
|  29|0x0000000081d00000, 0x0000000081e00000, 0x0000000081e00000|100%| O|  |TAMS 0x0000000081dd0800, 0x0000000081d00000| Untracked 
|  30|0x0000000081e00000, 0x0000000081f00000, 0x0000000081f00000|100%|HS|  |TAMS 0x0000000081f00000, 0x0000000081e00000| Complete 
|  31|0x0000000081f00000, 0x0000000082000000, 0x0000000082000000|100%|HC|  |TAMS 0x0000000082000000, 0x0000000081f00000| Complete 
|  32|0x0000000082000000, 0x0000000082100000, 0x0000000082100000|100%| O|  |TAMS 0x0000000082100000, 0x0000000082000000| Untracked 
|  33|0x0000000082100000, 0x0000000082200000, 0x0000000082200000|100%| O|  |TAMS 0x0000000082200000, 0x0000000082100000| Untracked 
|  34|0x0000000082200000, 0x0000000082300000, 0x0000000082300000|100%| O|  |TAMS 0x0000000082300000, 0x0000000082200000| Untracked 
|  35|0x0000000082300000, 0x0000000082400000, 0x0000000082400000|100%| O|  |TAMS 0x0000000082400000, 0x0000000082300000| Untracked 
|  36|0x0000000082400000, 0x0000000082500000, 0x0000000082500000|100%| O|  |TAMS 0x0000000082500000, 0x0000000082400000| Untracked 
|  37|0x0000000082500000, 0x0000000082600000, 0x0000000082600000|100%| O|  |TAMS 0x0000000082600000, 0x0000000082500000| Untracked 
|  38|0x0000000082600000, 0x0000000082700000, 0x0000000082700000|100%|HS|  |TAMS 0x0000000082700000, 0x0000000082600000| Complete 
|  39|0x0000000082700000, 0x0000000082800000, 0x0000000082800000|100%|HC|  |TAMS 0x0000000082800000, 0x0000000082700000| Complete 
|  40|0x0000000082800000, 0x0000000082900000, 0x0000000082900000|100%| O|  |TAMS 0x0000000082900000, 0x0000000082800000| Untracked 
|  41|0x0000000082900000, 0x0000000082a00000, 0x0000000082a00000|100%|HS|  |TAMS 0x0000000082a00000, 0x0000000082900000| Complete 
|  42|0x0000000082a00000, 0x0000000082b00000, 0x0000000082b00000|100%|HC|  |TAMS 0x0000000082b00000, 0x0000000082a00000| Complete 
|  43|0x0000000082b00000, 0x0000000082c00000, 0x0000000082c00000|100%|HC|  |TAMS 0x0000000082c00000, 0x0000000082b00000| Complete 
|  44|0x0000000082c00000, 0x0000000082d00000, 0x0000000082d00000|100%|HC|  |TAMS 0x0000000082d00000, 0x0000000082c00000| Complete 
|  45|0x0000000082d00000, 0x0000000082e00000, 0x0000000082e00000|100%| O|  |TAMS 0x0000000082e00000, 0x0000000082d00000| Untracked 
|  46|0x0000000082e00000, 0x0000000082f00000, 0x0000000082f00000|100%| O|  |TAMS 0x0000000082f00000, 0x0000000082e00000| Untracked 
|  47|0x0000000082f00000, 0x0000000083000000, 0x0000000083000000|100%| O|  |TAMS 0x0000000083000000, 0x0000000082f00000| Untracked 
|  48|0x0000000083000000, 0x0000000083100000, 0x0000000083100000|100%| O|  |TAMS 0x0000000083100000, 0x0000000083000000| Untracked 
|  49|0x0000000083100000, 0x0000000083200000, 0x0000000083200000|100%|HS|  |TAMS 0x0000000083200000, 0x0000000083100000| Complete 
|  50|0x0000000083200000, 0x0000000083300000, 0x0000000083300000|100%|HC|  |TAMS 0x0000000083300000, 0x0000000083200000| Complete 
|  51|0x0000000083300000, 0x0000000083400000, 0x0000000083400000|100%|HC|  |TAMS 0x0000000083400000, 0x0000000083300000| Complete 
|  52|0x0000000083400000, 0x0000000083500000, 0x0000000083500000|100%|HC|  |TAMS 0x0000000083500000, 0x0000000083400000| Complete 
|  53|0x0000000083500000, 0x0000000083600000, 0x0000000083600000|100%| O|  |TAMS 0x0000000083600000, 0x0000000083500000| Untracked 
|  54|0x0000000083600000, 0x0000000083700000, 0x0000000083700000|100%| O|  |TAMS 0x0000000083700000, 0x0000000083600000| Untracked 
|  55|0x0000000083700000, 0x0000000083800000, 0x0000000083800000|100%| O|  |TAMS 0x0000000083800000, 0x0000000083700000| Untracked 
|  56|0x0000000083800000, 0x0000000083900000, 0x0000000083900000|100%| O|  |TAMS 0x0000000083900000, 0x0000000083800000| Untracked 
|  57|0x0000000083900000, 0x0000000083a00000, 0x0000000083a00000|100%| O|  |TAMS 0x0000000083a00000, 0x0000000083900000| Untracked 
|  58|0x0000000083a00000, 0x0000000083b00000, 0x0000000083b00000|100%| O|  |TAMS 0x0000000083b00000, 0x0000000083a00000| Untracked 
|  59|0x0000000083b00000, 0x0000000083c00000, 0x0000000083c00000|100%| O|  |TAMS 0x0000000083c00000, 0x0000000083b00000| Untracked 
|  60|0x0000000083c00000, 0x0000000083d00000, 0x0000000083d00000|100%| O|  |TAMS 0x0000000083d00000, 0x0000000083c00000| Untracked 
|  61|0x0000000083d00000, 0x0000000083e00000, 0x0000000083e00000|100%| O|  |TAMS 0x0000000083e00000, 0x0000000083d00000| Untracked 
|  62|0x0000000083e00000, 0x0000000083f00000, 0x0000000083f00000|100%| O|  |TAMS 0x0000000083f00000, 0x0000000083e00000| Untracked 
|  63|0x0000000083f00000, 0x0000000084000000, 0x0000000084000000|100%|HS|  |TAMS 0x0000000084000000, 0x0000000083f00000| Complete 
|  64|0x0000000084000000, 0x0000000084100000, 0x0000000084100000|100%|HS|  |TAMS 0x0000000084100000, 0x0000000084000000| Complete 
|  65|0x0000000084100000, 0x0000000084200000, 0x0000000084200000|100%|HS|  |TAMS 0x0000000084200000, 0x0000000084100000| Complete 
|  66|0x0000000084200000, 0x0000000084300000, 0x0000000084300000|100%| O|  |TAMS 0x0000000084300000, 0x0000000084200000| Untracked 
|  67|0x0000000084300000, 0x0000000084400000, 0x0000000084400000|100%| O|  |TAMS 0x0000000084400000, 0x0000000084300000| Untracked 
|  68|0x0000000084400000, 0x0000000084500000, 0x0000000084500000|100%| O|  |TAMS 0x0000000084400000, 0x0000000084400000| Untracked 
|  69|0x0000000084500000, 0x0000000084600000, 0x0000000084600000|100%| O|  |TAMS 0x0000000084600000, 0x0000000084500000| Untracked 
|  70|0x0000000084600000, 0x0000000084700000, 0x0000000084700000|100%|HS|  |TAMS 0x0000000084700000, 0x0000000084600000| Complete 
|  71|0x0000000084700000, 0x0000000084800000, 0x0000000084800000|100%| O|  |TAMS 0x0000000084800000, 0x0000000084700000| Untracked 
|  72|0x0000000084800000, 0x0000000084900000, 0x0000000084900000|100%| O|  |TAMS 0x0000000084900000, 0x0000000084800000| Untracked 
|  73|0x0000000084900000, 0x0000000084a00000, 0x0000000084a00000|100%| O|  |TAMS 0x0000000084a00000, 0x0000000084900000| Untracked 
|  74|0x0000000084a00000, 0x0000000084b00000, 0x0000000084b00000|100%| O|  |TAMS 0x0000000084a00000, 0x0000000084a00000| Untracked 
|  75|0x0000000084b00000, 0x0000000084c00000, 0x0000000084c00000|100%| O|  |TAMS 0x0000000084c00000, 0x0000000084b00000| Untracked 
|  76|0x0000000084c00000, 0x0000000084d00000, 0x0000000084d00000|100%| O|  |TAMS 0x0000000084d00000, 0x0000000084c00000| Untracked 
|  77|0x0000000084d00000, 0x0000000084e00000, 0x0000000084e00000|100%| O|  |TAMS 0x0000000084e00000, 0x0000000084d00000| Untracked 
|  78|0x0000000084e00000, 0x0000000084f00000, 0x0000000084f00000|100%| O|  |TAMS 0x0000000084e00000, 0x0000000084e00000| Untracked 
|  79|0x0000000084f00000, 0x0000000085000000, 0x0000000085000000|100%| O|  |TAMS 0x0000000084f00000, 0x0000000084f00000| Untracked 
|  80|0x0000000085000000, 0x0000000085100000, 0x0000000085100000|100%| O|  |TAMS 0x0000000085000000, 0x0000000085000000| Untracked 
|  81|0x0000000085100000, 0x0000000085200000, 0x0000000085200000|100%| O|  |TAMS 0x0000000085100000, 0x0000000085100000| Untracked 
|  82|0x0000000085200000, 0x0000000085300000, 0x0000000085300000|100%| O|  |TAMS 0x0000000085200000, 0x0000000085200000| Untracked 
|  83|0x0000000085300000, 0x0000000085400000, 0x0000000085400000|100%| O|  |TAMS 0x0000000085300000, 0x0000000085300000| Untracked 
|  84|0x0000000085400000, 0x0000000085500000, 0x0000000085500000|100%| O|  |TAMS 0x0000000085400000, 0x0000000085400000| Untracked 
|  85|0x0000000085500000, 0x0000000085600000, 0x0000000085600000|100%| O|  |TAMS 0x0000000085500000, 0x0000000085500000| Untracked 
|  86|0x0000000085600000, 0x0000000085700000, 0x0000000085700000|100%| O|  |TAMS 0x0000000085600000, 0x0000000085600000| Untracked 
|  87|0x0000000085700000, 0x0000000085800000, 0x0000000085800000|100%| O|  |TAMS 0x0000000085700000, 0x0000000085700000| Untracked 
|  88|0x0000000085800000, 0x0000000085900000, 0x0000000085900000|100%|HS|  |TAMS 0x0000000085800000, 0x0000000085800000| Complete 
|  89|0x0000000085900000, 0x0000000085a00000, 0x0000000085a00000|100%|HS|  |TAMS 0x0000000085900000, 0x0000000085900000| Complete 
|  90|0x0000000085a00000, 0x0000000085b00000, 0x0000000085b00000|100%|HS|  |TAMS 0x0000000085a00000, 0x0000000085a00000| Complete 
|  91|0x0000000085b00000, 0x0000000085c00000, 0x0000000085c00000|100%|HC|  |TAMS 0x0000000085b00000, 0x0000000085b00000| Complete 
|  92|0x0000000085c00000, 0x0000000085d00000, 0x0000000085d00000|100%| O|  |TAMS 0x0000000085c00000, 0x0000000085c00000| Untracked 
|  93|0x0000000085d00000, 0x0000000085e00000, 0x0000000085e00000|100%| O|  |TAMS 0x0000000085d00000, 0x0000000085d00000| Untracked 
|  94|0x0000000085e00000, 0x0000000085f00000, 0x0000000085f00000|100%| O|  |TAMS 0x0000000085e00000, 0x0000000085e00000| Untracked 
|  95|0x0000000085f00000, 0x0000000086000000, 0x0000000086000000|100%| O|  |TAMS 0x0000000085f00000, 0x0000000085f00000| Untracked 
|  96|0x0000000086000000, 0x0000000086100000, 0x0000000086100000|100%| O|  |TAMS 0x0000000086000000, 0x0000000086000000| Untracked 
|  97|0x0000000086100000, 0x0000000086200000, 0x0000000086200000|100%| O|  |TAMS 0x0000000086100000, 0x0000000086100000| Untracked 
|  98|0x0000000086200000, 0x0000000086300000, 0x0000000086300000|100%| O|  |TAMS 0x0000000086200000, 0x0000000086200000| Untracked 
|  99|0x0000000086300000, 0x0000000086400000, 0x0000000086400000|100%| O|  |TAMS 0x0000000086300000, 0x0000000086300000| Untracked 
| 100|0x0000000086400000, 0x0000000086500000, 0x0000000086500000|100%| O|  |TAMS 0x0000000086400000, 0x0000000086400000| Untracked 
| 101|0x0000000086500000, 0x0000000086600000, 0x0000000086600000|100%| O|  |TAMS 0x0000000086500000, 0x0000000086500000| Untracked 
| 102|0x0000000086600000, 0x0000000086700000, 0x0000000086700000|100%| O|  |TAMS 0x0000000086600000, 0x0000000086600000| Untracked 
| 103|0x0000000086700000, 0x0000000086800000, 0x0000000086800000|100%|HS|  |TAMS 0x0000000086700000, 0x0000000086700000| Complete 
| 104|0x0000000086800000, 0x0000000086900000, 0x0000000086900000|100%|HS|  |TAMS 0x0000000086800000, 0x0000000086800000| Complete 
| 105|0x0000000086900000, 0x0000000086a00000, 0x0000000086a00000|100%| O|  |TAMS 0x0000000086900000, 0x0000000086900000| Untracked 
| 106|0x0000000086a00000, 0x0000000086b00000, 0x0000000086b00000|100%|HS|  |TAMS 0x0000000086a00000, 0x0000000086a00000| Complete 
| 107|0x0000000086b00000, 0x0000000086c00000, 0x0000000086c00000|100%| O|  |TAMS 0x0000000086b00000, 0x0000000086b00000| Untracked 
| 108|0x0000000086c00000, 0x0000000086d00000, 0x0000000086d00000|100%| O|  |TAMS 0x0000000086c00000, 0x0000000086c00000| Untracked 
| 109|0x0000000086d00000, 0x0000000086e00000, 0x0000000086e00000|100%| O|  |TAMS 0x0000000086d00000, 0x0000000086d00000| Untracked 
| 110|0x0000000086e00000, 0x0000000086f00000, 0x0000000086f00000|100%| O|  |TAMS 0x0000000086e00000, 0x0000000086e00000| Untracked 
| 111|0x0000000086f00000, 0x0000000087000000, 0x0000000087000000|100%| O|  |TAMS 0x0000000086f00000, 0x0000000086f00000| Untracked 
| 112|0x0000000087000000, 0x0000000087100000, 0x0000000087100000|100%| O|  |TAMS 0x0000000087000000, 0x0000000087000000| Untracked 
| 113|0x0000000087100000, 0x0000000087200000, 0x0000000087200000|100%| O|  |TAMS 0x0000000087100000, 0x0000000087100000| Untracked 
| 114|0x0000000087200000, 0x0000000087300000, 0x0000000087300000|100%| O|  |TAMS 0x0000000087200000, 0x0000000087200000| Untracked 
| 115|0x0000000087300000, 0x0000000087400000, 0x0000000087400000|100%| O|  |TAMS 0x0000000087300000, 0x0000000087300000| Untracked 
| 116|0x0000000087400000, 0x0000000087500000, 0x0000000087500000|100%| O|  |TAMS 0x0000000087400000, 0x0000000087400000| Untracked 
| 117|0x0000000087500000, 0x0000000087600000, 0x0000000087600000|100%| O|  |TAMS 0x0000000087500000, 0x0000000087500000| Untracked 
| 118|0x0000000087600000, 0x0000000087700000, 0x0000000087700000|100%| O|  |TAMS 0x0000000087600000, 0x0000000087600000| Untracked 
| 119|0x0000000087700000, 0x0000000087800000, 0x0000000087800000|100%| O|  |TAMS 0x0000000087700000, 0x0000000087700000| Untracked 
| 120|0x0000000087800000, 0x0000000087900000, 0x0000000087900000|100%| O|  |TAMS 0x0000000087800000, 0x0000000087800000| Untracked 
| 121|0x0000000087900000, 0x0000000087a00000, 0x0000000087a00000|100%| O|  |TAMS 0x0000000087900000, 0x0000000087900000| Untracked 
| 122|0x0000000087a00000, 0x0000000087b00000, 0x0000000087b00000|100%| O|  |TAMS 0x0000000087a00000, 0x0000000087a00000| Untracked 
| 123|0x0000000087b00000, 0x0000000087c00000, 0x0000000087c00000|100%| O|  |TAMS 0x0000000087b00000, 0x0000000087b00000| Untracked 
| 124|0x0000000087c00000, 0x0000000087d00000, 0x0000000087d00000|100%| O|  |TAMS 0x0000000087c00000, 0x0000000087c00000| Untracked 
| 125|0x0000000087d00000, 0x0000000087e00000, 0x0000000087e00000|100%| O|  |TAMS 0x0000000087d00000, 0x0000000087d00000| Untracked 
| 126|0x0000000087e00000, 0x0000000087f00000, 0x0000000087f00000|100%| O|  |TAMS 0x0000000087e00000, 0x0000000087e00000| Untracked 
| 127|0x0000000087f00000, 0x0000000088000000, 0x0000000088000000|100%| O|  |TAMS 0x0000000087f00000, 0x0000000087f00000| Untracked 
| 128|0x0000000088000000, 0x0000000088100000, 0x0000000088100000|100%| O|  |TAMS 0x0000000088000000, 0x0000000088000000| Untracked 
| 129|0x0000000088100000, 0x0000000088200000, 0x0000000088200000|100%| O|  |TAMS 0x0000000088100000, 0x0000000088100000| Untracked 
| 130|0x0000000088200000, 0x0000000088300000, 0x0000000088300000|100%| O|  |TAMS 0x0000000088200000, 0x0000000088200000| Untracked 
| 131|0x0000000088300000, 0x0000000088400000, 0x0000000088400000|100%| O|  |TAMS 0x0000000088300000, 0x0000000088300000| Untracked 
| 132|0x0000000088400000, 0x0000000088500000, 0x0000000088500000|100%| O|  |TAMS 0x0000000088400000, 0x0000000088400000| Untracked 
| 133|0x0000000088500000, 0x0000000088600000, 0x0000000088600000|100%| O|  |TAMS 0x0000000088500000, 0x0000000088500000| Untracked 
| 134|0x0000000088600000, 0x0000000088700000, 0x0000000088700000|100%| O|  |TAMS 0x0000000088600000, 0x0000000088600000| Untracked 
| 135|0x0000000088700000, 0x0000000088800000, 0x0000000088800000|100%| O|  |TAMS 0x0000000088700000, 0x0000000088700000| Untracked 
| 136|0x0000000088800000, 0x0000000088900000, 0x0000000088900000|100%| O|  |TAMS 0x0000000088800000, 0x0000000088800000| Untracked 
| 137|0x0000000088900000, 0x0000000088a00000, 0x0000000088a00000|100%| O|  |TAMS 0x0000000088900000, 0x0000000088900000| Untracked 
| 138|0x0000000088a00000, 0x0000000088b00000, 0x0000000088b00000|100%| O|  |TAMS 0x0000000088a00000, 0x0000000088a00000| Untracked 
| 139|0x0000000088b00000, 0x0000000088c00000, 0x0000000088c00000|100%| O|  |TAMS 0x0000000088b00000, 0x0000000088b00000| Untracked 
| 140|0x0000000088c00000, 0x0000000088d00000, 0x0000000088d00000|100%| O|  |TAMS 0x0000000088c00000, 0x0000000088c00000| Untracked 
| 141|0x0000000088d00000, 0x0000000088e00000, 0x0000000088e00000|100%| O|  |TAMS 0x0000000088d00000, 0x0000000088d00000| Untracked 
| 142|0x0000000088e00000, 0x0000000088f00000, 0x0000000088f00000|100%| O|  |TAMS 0x0000000088e00000, 0x0000000088e00000| Untracked 
| 143|0x0000000088f00000, 0x0000000089000000, 0x0000000089000000|100%| O|  |TAMS 0x0000000088f00000, 0x0000000088f00000| Untracked 
| 144|0x0000000089000000, 0x0000000089100000, 0x0000000089100000|100%| O|  |TAMS 0x0000000089000000, 0x0000000089000000| Untracked 
| 145|0x0000000089100000, 0x0000000089200000, 0x0000000089200000|100%| O|  |TAMS 0x0000000089100000, 0x0000000089100000| Untracked 
| 146|0x0000000089200000, 0x0000000089300000, 0x0000000089300000|100%| O|  |TAMS 0x0000000089200000, 0x0000000089200000| Untracked 
| 147|0x0000000089300000, 0x0000000089400000, 0x0000000089400000|100%| O|  |TAMS 0x0000000089300000, 0x0000000089300000| Untracked 
| 148|0x0000000089400000, 0x0000000089500000, 0x0000000089500000|100%| O|  |TAMS 0x0000000089400000, 0x0000000089400000| Untracked 
| 149|0x0000000089500000, 0x0000000089600000, 0x0000000089600000|100%| O|  |TAMS 0x0000000089500000, 0x0000000089500000| Untracked 
| 150|0x0000000089600000, 0x0000000089700000, 0x0000000089700000|100%| O|  |TAMS 0x0000000089600000, 0x0000000089600000| Untracked 
| 151|0x0000000089700000, 0x0000000089800000, 0x0000000089800000|100%| O|  |TAMS 0x0000000089700000, 0x0000000089700000| Untracked 
| 152|0x0000000089800000, 0x0000000089900000, 0x0000000089900000|100%| O|  |TAMS 0x0000000089800000, 0x0000000089800000| Untracked 
| 153|0x0000000089900000, 0x0000000089900000, 0x0000000089a00000|  0%| F|  |TAMS 0x0000000089900000, 0x0000000089900000| Untracked 
| 154|0x0000000089a00000, 0x0000000089a00000, 0x0000000089b00000|  0%| F|  |TAMS 0x0000000089a00000, 0x0000000089a00000| Untracked 
| 155|0x0000000089b00000, 0x0000000089b00000, 0x0000000089c00000|  0%| F|  |TAMS 0x0000000089b00000, 0x0000000089b00000| Untracked 
| 156|0x0000000089c00000, 0x0000000089c00000, 0x0000000089d00000|  0%| F|  |TAMS 0x0000000089c00000, 0x0000000089c00000| Untracked 
| 157|0x0000000089d00000, 0x0000000089d00000, 0x0000000089e00000|  0%| F|  |TAMS 0x0000000089d00000, 0x0000000089d00000| Untracked 
| 158|0x0000000089e00000, 0x0000000089e00000, 0x0000000089f00000|  0%| F|  |TAMS 0x0000000089e00000, 0x0000000089e00000| Untracked 
| 159|0x0000000089f00000, 0x0000000089f00000, 0x000000008a000000|  0%| F|  |TAMS 0x0000000089f00000, 0x0000000089f00000| Untracked 
| 160|0x000000008a000000, 0x000000008a000000, 0x000000008a100000|  0%| F|  |TAMS 0x000000008a000000, 0x000000008a000000| Untracked 
| 161|0x000000008a100000, 0x000000008a100000, 0x000000008a200000|  0%| F|  |TAMS 0x000000008a100000, 0x000000008a100000| Untracked 
| 162|0x000000008a200000, 0x000000008a200000, 0x000000008a300000|  0%| F|  |TAMS 0x000000008a200000, 0x000000008a200000| Untracked 
| 163|0x000000008a300000, 0x000000008a300000, 0x000000008a400000|  0%| F|  |TAMS 0x000000008a300000, 0x000000008a300000| Untracked 
| 164|0x000000008a400000, 0x000000008a400000, 0x000000008a500000|  0%| F|  |TAMS 0x000000008a400000, 0x000000008a400000| Untracked 
| 165|0x000000008a500000, 0x000000008a500000, 0x000000008a600000|  0%| F|  |TAMS 0x000000008a500000, 0x000000008a500000| Untracked 
| 166|0x000000008a600000, 0x000000008a600000, 0x000000008a700000|  0%| F|  |TAMS 0x000000008a600000, 0x000000008a600000| Untracked 
| 167|0x000000008a700000, 0x000000008a700000, 0x000000008a800000|  0%| F|  |TAMS 0x000000008a700000, 0x000000008a700000| Untracked 
| 168|0x000000008a800000, 0x000000008a800000, 0x000000008a900000|  0%| F|  |TAMS 0x000000008a800000, 0x000000008a800000| Untracked 
| 169|0x000000008a900000, 0x000000008a900000, 0x000000008aa00000|  0%| F|  |TAMS 0x000000008a900000, 0x000000008a900000| Untracked 
| 170|0x000000008aa00000, 0x000000008aa00000, 0x000000008ab00000|  0%| F|  |TAMS 0x000000008aa00000, 0x000000008aa00000| Untracked 
| 171|0x000000008ab00000, 0x000000008ab00000, 0x000000008ac00000|  0%| F|  |TAMS 0x000000008ab00000, 0x000000008ab00000| Untracked 
| 172|0x000000008ac00000, 0x000000008ac00000, 0x000000008ad00000|  0%| F|  |TAMS 0x000000008ac00000, 0x000000008ac00000| Untracked 
| 173|0x000000008ad00000, 0x000000008ad00000, 0x000000008ae00000|  0%| F|  |TAMS 0x000000008ad00000, 0x000000008ad00000| Untracked 
| 174|0x000000008ae00000, 0x000000008ae00000, 0x000000008af00000|  0%| F|  |TAMS 0x000000008ae00000, 0x000000008ae00000| Untracked 
| 175|0x000000008af00000, 0x000000008af00000, 0x000000008b000000|  0%| F|  |TAMS 0x000000008af00000, 0x000000008af00000| Untracked 
| 176|0x000000008b000000, 0x000000008b0d3100, 0x000000008b100000| 82%| S|CS|TAMS 0x000000008b000000, 0x000000008b000000| Complete 
| 177|0x000000008b100000, 0x000000008b100000, 0x000000008b200000|  0%| F|  |TAMS 0x000000008b100000, 0x000000008b100000| Untracked 
| 178|0x000000008b200000, 0x000000008b200000, 0x000000008b300000|  0%| F|  |TAMS 0x000000008b200000, 0x000000008b200000| Untracked 
| 179|0x000000008b300000, 0x000000008b300000, 0x000000008b400000|  0%| F|  |TAMS 0x000000008b300000, 0x000000008b300000| Untracked 
| 180|0x000000008b400000, 0x000000008b400000, 0x000000008b500000|  0%| F|  |TAMS 0x000000008b400000, 0x000000008b400000| Untracked 
| 181|0x000000008b500000, 0x000000008b500000, 0x000000008b600000|  0%| F|  |TAMS 0x000000008b500000, 0x000000008b500000| Untracked 
| 182|0x000000008b600000, 0x000000008b687128, 0x000000008b700000| 52%| E|  |TAMS 0x000000008b600000, 0x000000008b600000| Complete 
| 183|0x000000008b700000, 0x000000008b800000, 0x000000008b800000|100%| E|CS|TAMS 0x000000008b700000, 0x000000008b700000| Complete 
| 187|0x000000008bb00000, 0x000000008bc00000, 0x000000008bc00000|100%| E|CS|TAMS 0x000000008bb00000, 0x000000008bb00000| Complete 

Card table byte_map: [0x00000228d2710000,0x00000228d2b10000] _byte_map_base: 0x00000228d2310000

Marking Bits (Prev, Next): (CMBitMap*) 0x00000228b9a4fc50, (CMBitMap*) 0x00000228b9a4fc10
 Prev Bits: [0x00000228d4f10000, 0x00000228d6f10000)
 Next Bits: [0x00000228d2f10000, 0x00000228d4f10000)

Polling page: 0x00000228b9880000

Metaspace:

Usage:
  Non-class:     82.48 MB used.
      Class:     13.39 MB used.
       Both:     95.86 MB used.

Virtual space:
  Non-class space:      128.00 MB reserved,      82.94 MB ( 65%) committed,  2 nodes.
      Class space:      416.00 MB reserved,      13.81 MB (  3%) committed,  1 nodes.
             Both:      544.00 MB reserved,      96.75 MB ( 18%) committed. 

Chunk freelists:
   Non-Class:  12.91 MB
       Class:  2.07 MB
        Both:  14.97 MB

MaxMetaspaceSize: 512.00 MB
CompressedClassSpaceSize: 416.00 MB
Initial GC threshold: 21.00 MB
Current GC threshold: 116.38 MB
CDS: on
MetaspaceReclaimPolicy: balanced
 - commit_granule_bytes: 65536.
 - commit_granule_words: 8192.
 - virtual_space_node_default_size: 8388608.
 - enlarge_chunks_in_place: 1.
 - new_chunks_are_fully_committed: 0.
 - uncommit_free_chunks: 1.
 - use_allocation_guard: 0.
 - handle_deallocations: 1.


Internal statistics:

num_allocs_failed_limit: 6.
num_arena_births: 1230.
num_arena_deaths: 0.
num_vsnodes_births: 3.
num_vsnodes_deaths: 0.
num_space_committed: 1548.
num_space_uncommitted: 0.
num_chunks_returned_to_freelist: 6.
num_chunks_taken_from_freelist: 5525.
num_chunk_merges: 6.
num_chunk_splits: 3545.
num_chunks_enlarged: 2283.
num_inconsistent_stats: 0.

CodeHeap 'non-profiled nmethods': size=120000Kb used=8790Kb max_used=8790Kb free=111209Kb
 bounds [0x00000228ca7b0000, 0x00000228cb050000, 0x00000228d1ce0000]
CodeHeap 'profiled nmethods': size=120000Kb used=24639Kb max_used=24639Kb free=95360Kb
 bounds [0x00000228c2ce0000, 0x00000228c44f0000, 0x00000228ca210000]
CodeHeap 'non-nmethods': size=5760Kb used=2393Kb max_used=2505Kb free=3367Kb
 bounds [0x00000228ca210000, 0x00000228ca4c0000, 0x00000228ca7b0000]
 total_blobs=13571 nmethods=12642 adapters=841
 compilation: enabled
              stopped_count=0, restarted_count=0
 full_count=0

Compilation events (20 events):
Event: 158.088 Thread 0x00000228d955b8e0 nmethod 14760 0x00000228cb044910 code [0x00000228cb044aa0, 0x00000228cb044c08]
Event: 158.089 Thread 0x00000228d955b8e0 14761       4       java.util.concurrent.TimeUnit::convert (77 bytes)
Event: 158.093 Thread 0x00000228d955b8e0 nmethod 14761 0x00000228cb044d90 code [0x00000228cb044f20, 0x00000228cb045198]
Event: 158.107 Thread 0x00000228d955b8e0 14762       4       org.gradle.internal.io.StreamByteBuffer$StreamByteBufferInputStream::read (8 bytes)
Event: 158.109 Thread 0x00000228d955b8e0 nmethod 14762 0x00000228cb045390 code [0x00000228cb045520, 0x00000228cb0455c8]
Event: 158.130 Thread 0x00000228d955b8e0 14763       4       org.gradle.cache.internal.DefaultFileLockManager$DefaultFileLock::assertOpenAndIntegral (41 bytes)
Event: 158.131 Thread 0x00000228d955b8e0 nmethod 14763 0x00000228cb045690 code [0x00000228cb045820, 0x00000228cb045958]
Event: 158.139 Thread 0x00000228d955b8e0 14764   !   4       org.gradle.cache.internal.DefaultMultiProcessSafeIndexedCache::getIfPresent (25 bytes)
Event: 158.541 Thread 0x00000228d955c2a0 14768       3       org.gradle.launcher.daemon.registry.DaemonRegistryContent::access$400 (4 bytes)
Event: 158.541 Thread 0x00000228d955c2a0 nmethod 14768 0x00000228c44e8f90 code [0x00000228c44e9120, 0x00000228c44e9218]
Event: 158.546 Thread 0x00000228d955c2a0 14770       3       java.util.Formatter$FormatSpecifier::print (62 bytes)
Event: 158.547 Thread 0x00000228d955c2a0 nmethod 14770 0x00000228c44e9290 code [0x00000228c44e9500, 0x00000228c44e9f18]
Event: 158.547 Thread 0x00000228d955c2a0 14769       3       java.util.Formatter$FormatSpecifier::printString (107 bytes)
Event: 158.548 Thread 0x00000228d955c2a0 nmethod 14769 0x00000228c44ea310 code [0x00000228c44ea5e0, 0x00000228c44eb578]
Event: 158.550 Thread 0x00000228d955c2a0 14771       3       java.util.UUID::<init> (15 bytes)
Event: 158.550 Thread 0x00000228d955c2a0 nmethod 14771 0x00000228c44eba90 code [0x00000228c44ebc20, 0x00000228c44ebd98]
Event: 158.550 Thread 0x00000228d955c2a0 14772       3       java.net.InetAddress::getByAddress (6 bytes)
Event: 158.550 Thread 0x00000228d955c2a0 nmethod 14772 0x00000228c44ebe90 code [0x00000228c44ec020, 0x00000228c44ec148]
Event: 158.550 Thread 0x00000228d955c2a0 14773       3       java.net.InetAddress::getByAddress (114 bytes)
Event: 158.553 Thread 0x00000228d955c2a0 nmethod 14773 0x00000228c44ec210 code [0x00000228c44ec520, 0x00000228c44ed7b8]

GC Heap History (20 events):
Event: 153.564 GC heap before
{Heap before GC invocations=61 (full 0):
 garbage-first heap   total 189440K, used 162404K [0x0000000080000000, 0x0000000100000000)
  region size 1024K, 19 young (19456K), 3 survivors (3072K)
 Metaspace       used 96728K, committed 97728K, reserved 557056K
  class space    used 13539K, committed 14016K, reserved 425984K
}
Event: 153.570 GC heap after
{Heap after GC invocations=62 (full 0):
 garbage-first heap   total 189440K, used 147677K [0x0000000080000000, 0x0000000100000000)
  region size 1024K, 2 young (2048K), 2 survivors (2048K)
 Metaspace       used 96728K, committed 97728K, reserved 557056K
  class space    used 13539K, committed 14016K, reserved 425984K
}
Event: 154.186 GC heap before
{Heap before GC invocations=62 (full 0):
 garbage-first heap   total 189440K, used 164061K [0x0000000080000000, 0x0000000100000000)
  region size 1024K, 18 young (18432K), 2 survivors (2048K)
 Metaspace       used 97021K, committed 97984K, reserved 557056K
  class space    used 13573K, committed 14016K, reserved 425984K
}
Event: 154.193 GC heap after
{Heap after GC invocations=63 (full 0):
 garbage-first heap   total 189440K, used 149670K [0x0000000080000000, 0x0000000100000000)
  region size 1024K, 3 young (3072K), 3 survivors (3072K)
 Metaspace       used 97021K, committed 97984K, reserved 557056K
  class space    used 13573K, committed 14016K, reserved 425984K
}
Event: 154.682 GC heap before
{Heap before GC invocations=63 (full 0):
 garbage-first heap   total 189440K, used 162982K [0x0000000080000000, 0x0000000100000000)
  region size 1024K, 16 young (16384K), 3 survivors (3072K)
 Metaspace       used 97209K, committed 98112K, reserved 557056K
  class space    used 13589K, committed 14016K, reserved 425984K
}
Event: 154.691 GC heap after
{Heap after GC invocations=64 (full 0):
 garbage-first heap   total 189440K, used 151311K [0x0000000080000000, 0x0000000100000000)
  region size 1024K, 2 young (2048K), 2 survivors (2048K)
 Metaspace       used 97209K, committed 98112K, reserved 557056K
  class space    used 13589K, committed 14016K, reserved 425984K
}
Event: 155.219 GC heap before
{Heap before GC invocations=64 (full 0):
 garbage-first heap   total 189440K, used 162575K [0x0000000080000000, 0x0000000100000000)
  region size 1024K, 14 young (14336K), 2 survivors (2048K)
 Metaspace       used 97613K, committed 98560K, reserved 557056K
  class space    used 13654K, committed 14080K, reserved 425984K
}
Event: 155.227 GC heap after
{Heap after GC invocations=65 (full 0):
 garbage-first heap   total 189440K, used 152529K [0x0000000080000000, 0x0000000100000000)
  region size 1024K, 2 young (2048K), 2 survivors (2048K)
 Metaspace       used 97613K, committed 98560K, reserved 557056K
  class space    used 13654K, committed 14080K, reserved 425984K
}
Event: 155.708 GC heap before
{Heap before GC invocations=65 (full 0):
 garbage-first heap   total 189440K, used 163793K [0x0000000080000000, 0x0000000100000000)
  region size 1024K, 14 young (14336K), 2 survivors (2048K)
 Metaspace       used 97720K, committed 98688K, reserved 557056K
  class space    used 13656K, committed 14080K, reserved 425984K
}
Event: 155.712 GC heap after
{Heap after GC invocations=66 (full 0):
 garbage-first heap   total 189440K, used 152932K [0x0000000080000000, 0x0000000100000000)
  region size 1024K, 2 young (2048K), 2 survivors (2048K)
 Metaspace       used 97720K, committed 98688K, reserved 557056K
  class space    used 13656K, committed 14080K, reserved 425984K
}
Event: 156.198 GC heap before
{Heap before GC invocations=66 (full 0):
 garbage-first heap   total 189440K, used 165220K [0x0000000080000000, 0x0000000100000000)
  region size 1024K, 14 young (14336K), 2 survivors (2048K)
 Metaspace       used 97849K, committed 98816K, reserved 557056K
  class space    used 13661K, committed 14144K, reserved 425984K
}
Event: 156.205 GC heap after
{Heap after GC invocations=67 (full 0):
 garbage-first heap   total 189440K, used 153284K [0x0000000080000000, 0x0000000100000000)
  region size 1024K, 1 young (1024K), 1 survivors (1024K)
 Metaspace       used 97849K, committed 98816K, reserved 557056K
  class space    used 13661K, committed 14144K, reserved 425984K
}
Event: 156.697 GC heap before
{Heap before GC invocations=67 (full 0):
 garbage-first heap   total 189440K, used 165572K [0x0000000080000000, 0x0000000100000000)
  region size 1024K, 14 young (14336K), 1 survivors (1024K)
 Metaspace       used 98020K, committed 98944K, reserved 557056K
  class space    used 13689K, committed 14144K, reserved 425984K
}
Event: 156.702 GC heap after
{Heap after GC invocations=68 (full 0):
 garbage-first heap   total 189440K, used 153744K [0x0000000080000000, 0x0000000100000000)
  region size 1024K, 2 young (2048K), 2 survivors (2048K)
 Metaspace       used 98020K, committed 98944K, reserved 557056K
  class space    used 13689K, committed 14144K, reserved 425984K
}
Event: 157.188 GC heap before
{Heap before GC invocations=68 (full 0):
 garbage-first heap   total 189440K, used 165008K [0x0000000080000000, 0x0000000100000000)
  region size 1024K, 14 young (14336K), 2 survivors (2048K)
 Metaspace       used 98154K, committed 99072K, reserved 557056K
  class space    used 13709K, committed 14144K, reserved 425984K
}
Event: 157.195 GC heap after
{Heap after GC invocations=69 (full 0):
 garbage-first heap   total 189440K, used 156517K [0x0000000080000000, 0x0000000100000000)
  region size 1024K, 2 young (2048K), 2 survivors (2048K)
 Metaspace       used 98154K, committed 99072K, reserved 557056K
  class space    used 13709K, committed 14144K, reserved 425984K
}
Event: 157.782 GC heap before
{Heap before GC invocations=69 (full 0):
 garbage-first heap   total 189440K, used 164709K [0x0000000080000000, 0x0000000100000000)
  region size 1024K, 11 young (11264K), 2 survivors (2048K)
 Metaspace       used 98157K, committed 99072K, reserved 557056K
  class space    used 13709K, committed 14144K, reserved 425984K
}
Event: 157.789 GC heap after
{Heap after GC invocations=70 (full 0):
 garbage-first heap   total 189440K, used 157103K [0x0000000080000000, 0x0000000100000000)
  region size 1024K, 1 young (1024K), 1 survivors (1024K)
 Metaspace       used 98157K, committed 99072K, reserved 557056K
  class space    used 13709K, committed 14144K, reserved 425984K
}
Event: 158.218 GC heap before
{Heap before GC invocations=70 (full 0):
 garbage-first heap   total 189440K, used 165295K [0x0000000080000000, 0x0000000100000000)
  region size 1024K, 9 young (9216K), 1 survivors (1024K)
 Metaspace       used 98158K, committed 99072K, reserved 557056K
  class space    used 13709K, committed 14144K, reserved 425984K
}
Event: 158.221 GC heap after
{Heap after GC invocations=71 (full 0):
 garbage-first heap   total 189440K, used 157395K [0x0000000080000000, 0x0000000100000000)
  region size 1024K, 1 young (1024K), 1 survivors (1024K)
 Metaspace       used 98158K, committed 99072K, reserved 557056K
  class space    used 13709K, committed 14144K, reserved 425984K
}

Dll operation events (14 events):
Event: 0.021 Loaded shared library C:\Program Files\Microsoft\jdk-17.0.8.7-hotspot\bin\java.dll
Event: 0.062 Loaded shared library C:\Program Files\Microsoft\jdk-17.0.8.7-hotspot\bin\jsvml.dll
Event: 0.230 Loaded shared library C:\Program Files\Microsoft\jdk-17.0.8.7-hotspot\bin\zip.dll
Event: 0.237 Loaded shared library C:\Program Files\Microsoft\jdk-17.0.8.7-hotspot\bin\instrument.dll
Event: 0.246 Loaded shared library C:\Program Files\Microsoft\jdk-17.0.8.7-hotspot\bin\net.dll
Event: 0.249 Loaded shared library C:\Program Files\Microsoft\jdk-17.0.8.7-hotspot\bin\nio.dll
Event: 0.269 Loaded shared library C:\Program Files\Microsoft\jdk-17.0.8.7-hotspot\bin\zip.dll
Event: 1.435 Loaded shared library C:\Program Files\Microsoft\jdk-17.0.8.7-hotspot\bin\jimage.dll
Event: 1.826 Loaded shared library C:\Program Files\Microsoft\jdk-17.0.8.7-hotspot\bin\verify.dll
Event: 3.047 Loaded shared library C:\Users\abdul\.gradle\native\68d5fa5c4cc2d200863cafc0d521ce42e7d3e7ee720ec0a83991735586a16f82\windows-amd64\native-platform.dll
Event: 3.103 Loaded shared library C:\Users\abdul\.gradle\native\e376f236ea51e6404a007f0833ffe2c6e607c4080706a723a18a27aeea778392\windows-amd64\native-platform-file-events.dll
Event: 6.607 Loaded shared library C:\Program Files\Microsoft\jdk-17.0.8.7-hotspot\bin\management.dll
Event: 6.620 Loaded shared library C:\Program Files\Microsoft\jdk-17.0.8.7-hotspot\bin\management_ext.dll
Event: 8.554 Loaded shared library C:\Program Files\Microsoft\jdk-17.0.8.7-hotspot\bin\sunmscapi.dll

Deoptimization events (20 events):
Event: 157.246 Thread 0x00000228fd3749b0 Uncommon trap: trap_request=0xffffffbe fr.pc=0x00000228cb01d8a0 relative=0x0000000000000400
Event: 157.246 Thread 0x00000228fd3749b0 Uncommon trap: reason=profile_predicate action=maybe_recompile pc=0x00000228cb01d8a0 method=java.util.Collections.indexedBinarySearch(Ljava/util/List;Ljava/lang/Object;Ljava/util/Comparator;)I @ 15 c2
Event: 157.246 Thread 0x00000228fd3749b0 DEOPT PACKING pc=0x00000228cb01d8a0 sp=0x0000006c26ef85f0
Event: 157.246 Thread 0x00000228fd3749b0 DEOPT UNPACKING pc=0x00000228ca2669a3 sp=0x0000006c26ef8548 mode 2
Event: 157.246 Thread 0x00000228fd3749b0 Uncommon trap: trap_request=0xffffffbe fr.pc=0x00000228cb01d8a0 relative=0x0000000000000400
Event: 157.246 Thread 0x00000228fd3749b0 Uncommon trap: reason=profile_predicate action=maybe_recompile pc=0x00000228cb01d8a0 method=java.util.Collections.indexedBinarySearch(Ljava/util/List;Ljava/lang/Object;Ljava/util/Comparator;)I @ 15 c2
Event: 157.246 Thread 0x00000228fd3749b0 DEOPT PACKING pc=0x00000228cb01d8a0 sp=0x0000006c26ef85f0
Event: 157.246 Thread 0x00000228fd3749b0 DEOPT UNPACKING pc=0x00000228ca2669a3 sp=0x0000006c26ef8548 mode 2
Event: 157.246 Thread 0x00000228fd3749b0 Uncommon trap: trap_request=0xffffffbe fr.pc=0x00000228cb01d8a0 relative=0x0000000000000400
Event: 157.246 Thread 0x00000228fd3749b0 Uncommon trap: reason=profile_predicate action=maybe_recompile pc=0x00000228cb01d8a0 method=java.util.Collections.indexedBinarySearch(Ljava/util/List;Ljava/lang/Object;Ljava/util/Comparator;)I @ 15 c2
Event: 157.246 Thread 0x00000228fd3749b0 DEOPT PACKING pc=0x00000228cb01d8a0 sp=0x0000006c26ef8650
Event: 157.246 Thread 0x00000228fd3749b0 DEOPT UNPACKING pc=0x00000228ca2669a3 sp=0x0000006c26ef85a8 mode 2
Event: 157.246 Thread 0x00000228fd3749b0 Uncommon trap: trap_request=0xffffffbe fr.pc=0x00000228cb01d8a0 relative=0x0000000000000400
Event: 157.246 Thread 0x00000228fd3749b0 Uncommon trap: reason=profile_predicate action=maybe_recompile pc=0x00000228cb01d8a0 method=java.util.Collections.indexedBinarySearch(Ljava/util/List;Ljava/lang/Object;Ljava/util/Comparator;)I @ 15 c2
Event: 157.246 Thread 0x00000228fd3749b0 DEOPT PACKING pc=0x00000228cb01d8a0 sp=0x0000006c26ef8650
Event: 157.246 Thread 0x00000228fd3749b0 DEOPT UNPACKING pc=0x00000228ca2669a3 sp=0x0000006c26ef85a8 mode 2
Event: 157.294 Thread 0x00000228fd3749b0 Uncommon trap: trap_request=0xffffffbe fr.pc=0x00000228cb020e0c relative=0x00000000000003ec
Event: 157.294 Thread 0x00000228fd3749b0 Uncommon trap: reason=profile_predicate action=maybe_recompile pc=0x00000228cb020e0c method=java.util.Collections.indexedBinarySearch(Ljava/util/List;Ljava/lang/Object;Ljava/util/Comparator;)I @ 15 c2
Event: 157.294 Thread 0x00000228fd3749b0 DEOPT PACKING pc=0x00000228cb020e0c sp=0x0000006c26ef8650
Event: 157.294 Thread 0x00000228fd3749b0 DEOPT UNPACKING pc=0x00000228ca2669a3 sp=0x0000006c26ef8520 mode 2

Classes unloaded (0 events):
No events

Classes redefined (0 events):
No events

Internal exceptions (20 events):
Event: 148.794 Thread 0x00000228fa321680 Implicit null exception at 0x00000228caed5a12 to 0x00000228caed5af6
Event: 148.815 Thread 0x00000228fa321680 Implicit null exception at 0x00000228ca83ba4b to 0x00000228ca83bb0f
Event: 148.854 Thread 0x00000228fa321680 Implicit null exception at 0x00000228ca8e1256 to 0x00000228ca8e1c50
Event: 150.525 Thread 0x00000228fa321680 Implicit null exception at 0x00000228cac99555 to 0x00000228cac99c2c
Event: 152.266 Thread 0x00000228fa321680 Exception <a 'java/lang/IncompatibleClassChangeError'{0x000000008b24b440}: Found class java.lang.Object, but interface was expected> (0x000000008b24b440) 
thrown [s\src\hotspot\share\interpreter\linkResolver.cpp, line 826]
Event: 152.604 Thread 0x00000228fa321680 Exception <a 'sun/nio/fs/WindowsException'{0x000000008aa5e028}> (0x000000008aa5e028) 
thrown [s\src\hotspot\share\prims\jni.cpp, line 516]
Event: 152.604 Thread 0x00000228fa321680 Exception <a 'sun/nio/fs/WindowsException'{0x000000008aa5f668}> (0x000000008aa5f668) 
thrown [s\src\hotspot\share\prims\jni.cpp, line 516]
Event: 152.605 Thread 0x00000228fa321680 Exception <a 'sun/nio/fs/WindowsException'{0x000000008aa60cf8}> (0x000000008aa60cf8) 
thrown [s\src\hotspot\share\prims\jni.cpp, line 516]
Event: 152.605 Thread 0x00000228fa321680 Exception <a 'sun/nio/fs/WindowsException'{0x000000008aa62388}> (0x000000008aa62388) 
thrown [s\src\hotspot\share\prims\jni.cpp, line 516]
Event: 154.744 Thread 0x00000228fd375df0 Exception <a 'java/lang/NoSuchMethodError'{0x000000008bbe8e78}: 'void java.lang.invoke.DirectMethodHandle$Holder.invokeStatic(java.lang.Object, java.lang.Object, java.lang.Object, java.lang.Object, int, java.lang.Object, java.lang.Object)'> (0x000000008bbe8e78) 
thrown [s\src\hotspot\share\interpreter\linkResolver.cpp, line 759]
Event: 154.857 Thread 0x00000228fa31e8f0 Exception <a 'java/lang/NoSuchMethodError'{0x000000008b561e18}: 'java.lang.Object java.lang.invoke.DirectMethodHandle$Holder.invokeSpecialIFC(java.lang.Object, java.lang.Object, java.lang.Object)'> (0x000000008b561e18) 
thrown [s\src\hotspot\share\interpreter\linkResolver.cpp, line 759]
Event: 154.857 Thread 0x00000228fc503b30 Exception <a 'java/lang/NoSuchMethodError'{0x000000008b562f00}: 'java.lang.Object java.lang.invoke.DirectMethodHandle$Holder.invokeSpecialIFC(java.lang.Object, java.lang.Object, java.lang.Object)'> (0x000000008b562f00) 
thrown [s\src\hotspot\share\interpreter\linkResolver.cpp, line 759]
Event: 155.121 Thread 0x00000228fc503620 Exception <a 'java/lang/NoSuchMethodError'{0x000000008af98c70}: 'void java.lang.invoke.DirectMethodHandle$Holder.invokeVirtual(java.lang.Object, java.lang.Object)'> (0x000000008af98c70) 
thrown [s\src\hotspot\share\interpreter\linkResolver.cpp, line 759]
Event: 156.678 Thread 0x00000228fd374ec0 Exception <a 'java/lang/ClassNotFoundException'{0x000000008abd3520}: groovy/util/FileTreeBuilderBeanInfo> (0x000000008abd3520) 
thrown [s\src\hotspot\share\classfile\systemDictionary.cpp, line 256]
Event: 156.707 Thread 0x00000228fd374ec0 Exception <a 'java/lang/ClassNotFoundException'{0x000000008bb35660}: groovy/util/FileTreeBuilderCustomizer> (0x000000008bb35660) 
thrown [s\src\hotspot\share\classfile\systemDictionary.cpp, line 256]
Event: 156.721 Thread 0x00000228fd374ec0 Exception <a 'java/lang/ClassNotFoundException'{0x000000008bb6eda0}: java/io/BufferedWriterBeanInfo> (0x000000008bb6eda0) 
thrown [s\src\hotspot\share\classfile\systemDictionary.cpp, line 256]
Event: 156.721 Thread 0x00000228fd374ec0 Exception <a 'java/lang/ClassNotFoundException'{0x000000008bb741f8}: java/io/WriterBeanInfo> (0x000000008bb741f8) 
thrown [s\src\hotspot\share\classfile\systemDictionary.cpp, line 256]
Event: 156.722 Thread 0x00000228fd374ec0 Exception <a 'java/lang/ClassNotFoundException'{0x000000008bb798f0}: java/io/WriterCustomizer> (0x000000008bb798f0) 
thrown [s\src\hotspot\share\classfile\systemDictionary.cpp, line 256]
Event: 156.723 Thread 0x00000228fd374ec0 Exception <a 'java/lang/ClassNotFoundException'{0x000000008bb87cc8}: java/io/BufferedWriterCustomizer> (0x000000008bb87cc8) 
thrown [s\src\hotspot\share\classfile\systemDictionary.cpp, line 256]
Event: 156.756 Thread 0x00000228fd374ec0 Exception <a 'java/lang/NoSuchMethodError'{0x000000008b72ed98}: static Lcom/android/build/api/variant/BuildConfigField;.<clinit>()V> (0x000000008b72ed98) 
thrown [s\src\hotspot\share\prims\jni.cpp, line 1107]

VM Operations (20 events):
Event: 154.728 Executing VM operation: HandshakeAllThreads
Event: 154.728 Executing VM operation: HandshakeAllThreads done
Event: 154.768 Executing VM operation: HandshakeAllThreads
Event: 154.768 Executing VM operation: HandshakeAllThreads done
Event: 154.876 Executing VM operation: HandshakeAllThreads
Event: 154.880 Executing VM operation: HandshakeAllThreads done
Event: 155.219 Executing VM operation: G1CollectForAllocation
Event: 155.227 Executing VM operation: G1CollectForAllocation done
Event: 155.708 Executing VM operation: G1CollectForAllocation
Event: 155.713 Executing VM operation: G1CollectForAllocation done
Event: 156.184 Executing VM operation: G1CollectForAllocation
Event: 156.207 Executing VM operation: G1CollectForAllocation done
Event: 156.697 Executing VM operation: G1CollectForAllocation
Event: 156.702 Executing VM operation: G1CollectForAllocation done
Event: 157.188 Executing VM operation: G1CollectForAllocation
Event: 157.195 Executing VM operation: G1CollectForAllocation done
Event: 157.782 Executing VM operation: G1CollectForAllocation
Event: 157.793 Executing VM operation: G1CollectForAllocation done
Event: 158.218 Executing VM operation: G1CollectForAllocation
Event: 158.221 Executing VM operation: G1CollectForAllocation done

Events (20 events):
Event: 156.267 Thread 0x00000228fc130d40 Thread added: 0x00000228fc130d40
Event: 156.289 Thread 0x00000228fc12d590 Thread added: 0x00000228fc12d590
Event: 156.578 Thread 0x00000228fc12dfb0 Thread added: 0x00000228fc12dfb0
Event: 156.720 loading class java/io/BufferedWriterBeanInfo
Event: 156.720 loading class java/io/BufferedWriterBeanInfo done
Event: 156.721 loading class java/io/BufferedWriterBeanInfo
Event: 156.721 loading class java/io/BufferedWriterBeanInfo done
Event: 156.721 loading class java/io/WriterBeanInfo
Event: 156.721 loading class java/io/WriterBeanInfo done
Event: 156.721 loading class java/io/WriterBeanInfo
Event: 156.721 loading class java/io/WriterBeanInfo done
Event: 156.721 loading class java/io/WriterCustomizer
Event: 156.721 loading class java/io/WriterCustomizer done
Event: 156.722 loading class java/io/WriterCustomizer
Event: 156.722 loading class java/io/WriterCustomizer done
Event: 156.723 loading class java/io/BufferedWriterCustomizer
Event: 156.723 loading class java/io/BufferedWriterCustomizer done
Event: 156.723 loading class java/io/BufferedWriterCustomizer
Event: 156.723 loading class java/io/BufferedWriterCustomizer done
Event: 158.082 Thread 0x00000228ff1ae140 Thread exited: 0x00000228ff1ae140


Dynamic libraries:
0x00007ff7f2050000 - 0x00007ff7f205e000 	C:\Program Files\Microsoft\jdk-17.0.8.7-hotspot\bin\java.exe
0x00007ffdcbdb0000 - 0x00007ffdcbfa8000 	C:\Windows\SYSTEM32\ntdll.dll
0x00007ffdcb780000 - 0x00007ffdcb83d000 	C:\Windows\System32\KERNEL32.DLL
0x00007ffdc95f0000 - 0x00007ffdc98e6000 	C:\Windows\System32\KERNELBASE.dll
0x00007ffdc98f0000 - 0x00007ffdc99f0000 	C:\Windows\System32\ucrtbase.dll
0x00007ffd36fa0000 - 0x00007ffd36fb7000 	C:\Program Files\Microsoft\jdk-17.0.8.7-hotspot\bin\jli.dll
0x00007ffdc9de0000 - 0x00007ffdc9f7e000 	C:\Windows\System32\USER32.dll
0x00007ffdc9460000 - 0x00007ffdc9482000 	C:\Windows\System32\win32u.dll
0x00007ffdca0c0000 - 0x00007ffdca0eb000 	C:\Windows\System32\GDI32.dll
0x00007ffdc9af0000 - 0x00007ffdc9c07000 	C:\Windows\System32\gdi32full.dll
0x00007ffdc9520000 - 0x00007ffdc95bd000 	C:\Windows\System32\msvcp_win.dll
0x00007ffd36f80000 - 0x00007ffd36f9b000 	C:\Program Files\Microsoft\jdk-17.0.8.7-hotspot\bin\VCRUNTIME140.dll
0x00007ffdb0af0000 - 0x00007ffdb0d8a000 	C:\Windows\WinSxS\amd64_microsoft.windows.common-controls_6595b64144ccf1df_6.0.19041.3636_none_60b6a03d71f818d5\COMCTL32.dll
0x00007ffdcbcd0000 - 0x00007ffdcbd6e000 	C:\Windows\System32\msvcrt.dll
0x00007ffdcb740000 - 0x00007ffdcb772000 	C:\Windows\System32\IMM32.DLL
0x00007ffd36f70000 - 0x00007ffd36f7c000 	C:\Program Files\Microsoft\jdk-17.0.8.7-hotspot\bin\vcruntime140_1.dll
0x00007ffd36ee0000 - 0x00007ffd36f6d000 	C:\Program Files\Microsoft\jdk-17.0.8.7-hotspot\bin\msvcp140.dll
0x00007ffd36270000 - 0x00007ffd36ed5000 	C:\Program Files\Microsoft\jdk-17.0.8.7-hotspot\bin\server\jvm.dll
0x00007ffdcb3d0000 - 0x00007ffdcb480000 	C:\Windows\System32\ADVAPI32.dll
0x00007ffdcb480000 - 0x00007ffdcb520000 	C:\Windows\System32\sechost.dll
0x00007ffdcb290000 - 0x00007ffdcb3b5000 	C:\Windows\System32\RPCRT4.dll
0x00007ffdc95c0000 - 0x00007ffdc95e7000 	C:\Windows\System32\bcrypt.dll
0x00007ffdc89c0000 - 0x00007ffdc8a0b000 	C:\Windows\SYSTEM32\POWRPROF.dll
0x00007ffd36260000 - 0x00007ffd36269000 	C:\Windows\SYSTEM32\WSOCK32.dll
0x00007ffdca570000 - 0x00007ffdca5db000 	C:\Windows\System32\WS2_32.dll
0x00007ffda8310000 - 0x00007ffda8337000 	C:\Windows\SYSTEM32\WINMM.dll
0x00007ffdbdf60000 - 0x00007ffdbdf6a000 	C:\Windows\SYSTEM32\VERSION.dll
0x00007ffdc8830000 - 0x00007ffdc8842000 	C:\Windows\SYSTEM32\UMPDC.dll
0x00007ffdc72d0000 - 0x00007ffdc72e2000 	C:\Windows\SYSTEM32\kernel.appcore.dll
0x00007ffd36250000 - 0x00007ffd3625a000 	C:\Program Files\Microsoft\jdk-17.0.8.7-hotspot\bin\jimage.dll
0x00007ffdb9240000 - 0x00007ffdb9424000 	C:\Windows\SYSTEM32\DBGHELP.DLL
0x00007ffd9bd40000 - 0x00007ffd9bd74000 	C:\Windows\SYSTEM32\dbgcore.DLL
0x00007ffdc9490000 - 0x00007ffdc9512000 	C:\Windows\System32\bcryptPrimitives.dll
0x00007ffd34740000 - 0x00007ffd3474e000 	C:\Program Files\Microsoft\jdk-17.0.8.7-hotspot\bin\instrument.dll
0x00007ffd36220000 - 0x00007ffd36245000 	C:\Program Files\Microsoft\jdk-17.0.8.7-hotspot\bin\java.dll
0x00007ffd36140000 - 0x00007ffd36217000 	C:\Program Files\Microsoft\jdk-17.0.8.7-hotspot\bin\jsvml.dll
0x00007ffdcaa70000 - 0x00007ffdcb1db000 	C:\Windows\System32\SHELL32.dll
0x00007ffdc74d0000 - 0x00007ffdc7c6e000 	C:\Windows\SYSTEM32\windows.storage.dll
0x00007ffdca5e0000 - 0x00007ffdca933000 	C:\Windows\System32\combase.dll
0x00007ffdc8db0000 - 0x00007ffdc8dde000 	C:\Windows\SYSTEM32\Wldp.dll
0x00007ffdca320000 - 0x00007ffdca3ed000 	C:\Windows\System32\OLEAUT32.dll
0x00007ffdca4c0000 - 0x00007ffdca56d000 	C:\Windows\System32\SHCORE.dll
0x00007ffdcb520000 - 0x00007ffdcb575000 	C:\Windows\System32\shlwapi.dll
0x00007ffdc9390000 - 0x00007ffdc93b5000 	C:\Windows\SYSTEM32\profapi.dll
0x00007ffd35970000 - 0x00007ffd35988000 	C:\Program Files\Microsoft\jdk-17.0.8.7-hotspot\bin\zip.dll
0x00007ffd359b0000 - 0x00007ffd359c9000 	C:\Program Files\Microsoft\jdk-17.0.8.7-hotspot\bin\net.dll
0x00007ffdbf960000 - 0x00007ffdbfa6a000 	C:\Windows\SYSTEM32\WINHTTP.dll
0x00007ffdc8b90000 - 0x00007ffdc8bfa000 	C:\Windows\system32\mswsock.dll
0x00007ffd35990000 - 0x00007ffd359a6000 	C:\Program Files\Microsoft\jdk-17.0.8.7-hotspot\bin\nio.dll
0x00007ffd5b740000 - 0x00007ffd5b750000 	C:\Program Files\Microsoft\jdk-17.0.8.7-hotspot\bin\verify.dll
0x00007ffd34750000 - 0x00007ffd34777000 	C:\Users\abdul\.gradle\native\68d5fa5c4cc2d200863cafc0d521ce42e7d3e7ee720ec0a83991735586a16f82\windows-amd64\native-platform.dll
0x00007ffd345f0000 - 0x00007ffd34734000 	C:\Users\abdul\.gradle\native\e376f236ea51e6404a007f0833ffe2c6e607c4080706a723a18a27aeea778392\windows-amd64\native-platform-file-events.dll
0x00007ffd5b730000 - 0x00007ffd5b739000 	C:\Program Files\Microsoft\jdk-17.0.8.7-hotspot\bin\management.dll
0x00007ffd5b720000 - 0x00007ffd5b72b000 	C:\Program Files\Microsoft\jdk-17.0.8.7-hotspot\bin\management_ext.dll
0x00007ffdcb730000 - 0x00007ffdcb738000 	C:\Windows\System32\PSAPI.DLL
0x00007ffdc9100000 - 0x00007ffdc9118000 	C:\Windows\SYSTEM32\CRYPTSP.dll
0x00007ffdc8470000 - 0x00007ffdc84a4000 	C:\Windows\system32\rsaenh.dll
0x00007ffdc9310000 - 0x00007ffdc933e000 	C:\Windows\SYSTEM32\USERENV.dll
0x00007ffdc8d20000 - 0x00007ffdc8d2c000 	C:\Windows\SYSTEM32\CRYPTBASE.dll
0x00007ffdc8850000 - 0x00007ffdc888b000 	C:\Windows\SYSTEM32\IPHLPAPI.DLL
0x00007ffdcb3c0000 - 0x00007ffdcb3c8000 	C:\Windows\System32\NSI.dll
0x00007ffdc1bd0000 - 0x00007ffdc1be7000 	C:\Windows\SYSTEM32\dhcpcsvc6.DLL
0x00007ffdc1ac0000 - 0x00007ffdc1add000 	C:\Windows\SYSTEM32\dhcpcsvc.DLL
0x00007ffdc8890000 - 0x00007ffdc895b000 	C:\Windows\SYSTEM32\DNSAPI.dll
0x00007ffd8f610000 - 0x00007ffd8f61e000 	C:\Program Files\Microsoft\jdk-17.0.8.7-hotspot\bin\sunmscapi.dll
0x00007ffdc9c80000 - 0x00007ffdc9ddd000 	C:\Windows\System32\CRYPT32.dll
0x00007ffdc8e20000 - 0x00007ffdc8e48000 	C:\Windows\SYSTEM32\ncrypt.dll
0x00007ffdc8de0000 - 0x00007ffdc8e1b000 	C:\Windows\SYSTEM32\NTASN1.dll
0x00007ffd8f600000 - 0x00007ffd8f607000 	C:\Windows\system32\wshunix.dll
0x00007ffd888a0000 - 0x00007ffd888b7000 	C:\Windows\system32\napinsp.dll
0x00007ffd88880000 - 0x00007ffd8889b000 	C:\Windows\system32\pnrpnsp.dll
0x00007ffdc5080000 - 0x00007ffdc509d000 	C:\Windows\system32\NLAapi.dll
0x00007ffd6a4a0000 - 0x00007ffd6a4b2000 	C:\Windows\System32\winrnr.dll
0x00007ffd980c0000 - 0x00007ffd980d5000 	C:\Windows\system32\wshbth.dll
0x00007ffdb9640000 - 0x00007ffdb964a000 	C:\Windows\System32\rasadhlp.dll
0x00007ffdbf5d0000 - 0x00007ffdbf650000 	C:\Windows\System32\fwpuclnt.dll

dbghelp: loaded successfully - version: 4.0.5 - missing functions: none
symbol engine: initialized successfully - sym options: 0x614 - pdb path: .;C:\Program Files\Microsoft\jdk-17.0.8.7-hotspot\bin;C:\Windows\SYSTEM32;C:\Windows\WinSxS\amd64_microsoft.windows.common-controls_6595b64144ccf1df_6.0.19041.3636_none_60b6a03d71f818d5;C:\Program Files\Microsoft\jdk-17.0.8.7-hotspot\bin\server;C:\Users\abdul\.gradle\native\68d5fa5c4cc2d200863cafc0d521ce42e7d3e7ee720ec0a83991735586a16f82\windows-amd64;C:\Users\abdul\.gradle\native\e376f236ea51e6404a007f0833ffe2c6e607c4080706a723a18a27aeea778392\windows-amd64

VM Arguments:
jvm_args: -XX:MaxMetaspaceSize=512m --add-opens=java.base/java.util=ALL-UNNAMED --add-opens=java.base/java.lang=ALL-UNNAMED --add-opens=java.base/java.lang.invoke=ALL-UNNAMED --add-opens=java.prefs/java.util.prefs=ALL-UNNAMED --add-opens=java.base/java.nio.charset=ALL-UNNAMED --add-opens=java.base/java.net=ALL-UNNAMED --add-opens=java.base/java.util.concurrent.atomic=ALL-UNNAMED -Xmx2048m -Dfile.encoding=windows-1252 -Duser.country=US -Duser.language=en -Duser.variant -javaagent:C:\Users\abdul\.gradle\wrapper\dists\gradle-8.3-all\6en3ugtfdg5xnpx44z4qbwgas\gradle-8.3\lib\agents\gradle-instrumentation-agent-8.3.jar 
java_command: org.gradle.launcher.daemon.bootstrap.GradleDaemon 8.3
java_class_path (initial): C:\Users\abdul\.gradle\wrapper\dists\gradle-8.3-all\6en3ugtfdg5xnpx44z4qbwgas\gradle-8.3\lib\gradle-launcher-8.3.jar
Launcher Type: SUN_STANDARD

[Global flags]
     intx CICompilerCount                          = 3                                         {product} {ergonomic}
   size_t CompressedClassSpaceSize                 = 436207616                                 {product} {ergonomic}
     uint ConcGCThreads                            = 1                                         {product} {ergonomic}
     uint G1ConcRefinementThreads                  = 4                                         {product} {ergonomic}
   size_t G1HeapRegionSize                         = 1048576                                   {product} {ergonomic}
    uintx GCDrainStackTargetSize                   = 64                                        {product} {ergonomic}
   size_t InitialHeapSize                          = 197132288                                 {product} {ergonomic}
   size_t MarkStackSize                            = 4194304                                   {product} {ergonomic}
   size_t MaxHeapSize                              = 2147483648                                {product} {command line}
   size_t MaxMetaspaceSize                         = 536870912                                 {product} {command line}
   size_t MaxNewSize                               = 1287651328                                {product} {ergonomic}
   size_t MinHeapDeltaBytes                        = 1048576                                   {product} {ergonomic}
   size_t MinHeapSize                              = 8388608                                   {product} {ergonomic}
    uintx NonNMethodCodeHeapSize                   = 5832780                                {pd product} {ergonomic}
    uintx NonProfiledCodeHeapSize                  = 122912730                              {pd product} {ergonomic}
    uintx ProfiledCodeHeapSize                     = 122912730                              {pd product} {ergonomic}
    uintx ReservedCodeCacheSize                    = 251658240                              {pd product} {ergonomic}
     bool SegmentedCodeCache                       = true                                      {product} {ergonomic}
   size_t SoftMaxHeapSize                          = 2147483648                             {manageable} {ergonomic}
     bool UseCompressedClassPointers               = true                           {product lp64_product} {ergonomic}
     bool UseCompressedOops                        = true                           {product lp64_product} {ergonomic}
     bool UseG1GC                                  = true                                      {product} {ergonomic}
     bool UseLargePagesIndividualAllocation        = false                                  {pd product} {ergonomic}

Logging:
Log output configuration:
 #0: stdout all=warning uptime,level,tags
 #1: stderr all=off uptime,level,tags

Environment Variables:
JAVA_HOME=C:\Program Files\Microsoft\jdk-17.0.8.7-hotspot\
CLASSPATH=C:\Users\abdul\OneDrive\Documents\Bus Pass With Qr Scan\BusPassWithQrScan\android\\gradle\wrapper\gradle-wrapper.jar
PATH=C:\Users\abdul\OneDrive\Documents\Bus Pass With Qr Scan\BusPassWithQrScan\node_modules\.bin;C:\Users\abdul\OneDrive\Documents\Bus Pass With Qr Scan\BusPassWithQrScan\node_modules\.bin;C:\Users\abdul\OneDrive\Documents\Bus Pass With Qr Scan\node_modules\.bin;C:\Users\abdul\OneDrive\Documents\node_modules\.bin;C:\Users\abdul\OneDrive\node_modules\.bin;C:\Users\abdul\node_modules\.bin;C:\Users\node_modules\.bin;C:\node_modules\.bin;C:\Program Files\nodejs\node_modules\npm\node_modules\@npmcli\run-script\lib\node-gyp-bin;C:\Users\abdul\OneDrive\Documents\Bus Pass With Qr Scan\BusPassWithQrScan\node_modules\.bin;C:\Users\abdul\OneDrive\Documents\Bus Pass With Qr Scan\BusPassWithQrScan\node_modules\.bin;C:\Users\abdul\OneDrive\Documents\Bus Pass With Qr Scan\node_modules\.bin;C:\Users\abdul\OneDrive\Documents\node_modules\.bin;C:\Users\abdul\OneDrive\node_modules\.bin;C:\Users\abdul\node_modules\.bin;C:\Users\node_modules\.bin;C:\node_modules\.bin;C:\Program Files\nodejs\node_modules\npm\node_modules\@npmcli\run-script\lib\node-gyp-bin;C:\Program Files (x86)\NVIDIA Corporation\PhysX\Common;C:\Program Files\Microsoft\jdk-17.0.8.7-hotspot\bin;C:\Program Files\Microsoft\jdk-11.0.20.8-hotspot\bin;C:\Windows\system32;C:\Windows;C:\Windows\System32\Wbem;C:\Windows\System32\WindowsPowerShell\v1.0\;C:\Windows\System32\OpenSSH\;C:\Program Files\Microsoft SQL Server\Client SDK\ODBC\170\Tools\Binn\;C:\Program Files (x86)\Microsoft SQL Server\150\Tools\Binn\;C:\Program Files\Microsoft SQL Server\150\Tools\Binn\;C:\Program Files\Microsoft SQL Server\150\DTS\Binn\;C:\Program Files (x86)\Microsoft SQL Server\150\DTS\Binn\;C:\Program Files\Azure Data Studio\bin;C:\ProgramData\chocolatey\bin;C:\Users\abdul\AppData\Local\Android\Sdk\platform-tools;C:\Program Files\dotnet\;C:\Program Files\nodejs\;C:\Users\abdul\AppData\Local\Android\Sdk\tools;C:\Users\abdul\AppData\Local\Microsoft\WindowsApps;C:\Program Files\Azure Data Studio\bin;C:\Users\abdul\AppData\Local\Programs\Microsoft VS Code\b
USERNAME=abdul
LANG=en_US.UTF-8
OS=Windows_NT
PROCESSOR_IDENTIFIER=Intel64 Family 6 Model 78 Stepping 3, GenuineIntel
TMP=C:\Users\abdul\AppData\Local\Temp
TEMP=C:\Users\abdul\AppData\Local\Temp



---------------  S Y S T E M  ---------------

OS:
 Windows 10 , 64 bit Build 19041 (10.0.19041.3636)
OS uptime: 0 days 0:06 hours
Hyper-V role detected

CPU: total 4 (initial active 4) (2 cores per cpu, 2 threads per core) family 6 model 78 stepping 3 microcode 0xf0, cx8, cmov, fxsr, ht, mmx, 3dnowpref, sse, sse2, sse3, ssse3, sse4.1, sse4.2, popcnt, lzcnt, tsc, tscinvbit, avx, avx2, aes, erms, clmul, bmi1, bmi2, adx, fma, vzeroupper, clflush, clflushopt, hv
Processor Information for all 4 processors :
  Max Mhz: 2401, Current Mhz: 2401, Mhz Limit: 2401

Memory: 4k page, system-wide physical 11950M (891M free)
TotalPageFile size 14894M (AvailPageFile size 4091M)
current process WorkingSet (physical memory assigned to process): 459M, peak: 481M
current process commit charge ("private bytes"): 506M, peak: 525M

vm_info: OpenJDK 64-Bit Server VM (17.0.8+7-LTS) for windows-amd64 JRE (17.0.8+7-LTS), built on Jul  7 2023 17:21:55 by "MicrosoftCorporation" with MS VC++ 16.10 / 16.11 (VS2019)

END.
